2023-02-26 03:35:42,346 [Worker-6: Loading available Gradle versions] INFO  o.e.b.c.i.u.g.PublishedGradleVersions - Gradle version information cache is up-to-date. Trying to read.
2023-02-26 03:47:33,861 [Worker-5: Loading available Gradle versions] INFO  o.e.b.c.i.u.g.PublishedGradleVersions - Gradle version information cache is up-to-date. Trying to read.
2023-02-27 19:47:41,043 [Worker-6: Loading available Gradle versions] INFO  o.e.b.c.i.u.g.PublishedGradleVersions - Gradle version information cache is out-of-date. Trying to update.
2023-03-02 18:11:23,202 [Worker-99: Launching mavenrun-69e600b4-7832-45f0-a0c8-2ad2037deb2d] INFO  o.eclipse.m2e.core.internal.Bundles - getClasspathEntries(Bundle=org.eclipse.m2e.maven.runtime_3.8.604.20221130-2149 [586])
2023-03-02 18:11:23,233 [Worker-99: Launching mavenrun-69e600b4-7832-45f0-a0c8-2ad2037deb2d] INFO  o.eclipse.m2e.core.internal.Bundles - 	Entry: /Users/princearthur/.p2/pool/plugins/org.eclipse.m2e.maven.runtime_3.8.604.20221130-2149
2023-03-02 18:11:23,236 [Worker-99: Launching mavenrun-69e600b4-7832-45f0-a0c8-2ad2037deb2d] INFO  o.eclipse.m2e.core.internal.Bundles - 	Entry: /Users/princearthur/.p2/pool/plugins/org.eclipse.m2e.maven.runtime_3.8.604.20221130-2149/jars/aether-connector-okhttp-0.17.8.jar
2023-03-02 18:11:23,236 [Worker-99: Launching mavenrun-69e600b4-7832-45f0-a0c8-2ad2037deb2d] INFO  o.eclipse.m2e.core.internal.Bundles - 	Entry: /Users/princearthur/.p2/pool/plugins/org.eclipse.m2e.maven.runtime_3.8.604.20221130-2149/jars/commons-cli-1.4.jar
2023-03-02 18:11:23,237 [Worker-99: Launching mavenrun-69e600b4-7832-45f0-a0c8-2ad2037deb2d] INFO  o.eclipse.m2e.core.internal.Bundles - 	Entry: /Users/princearthur/.p2/pool/plugins/org.eclipse.m2e.maven.runtime_3.8.604.20221130-2149/jars/commons-io-2.6.jar
2023-03-02 18:11:23,237 [Worker-99: Launching mavenrun-69e600b4-7832-45f0-a0c8-2ad2037deb2d] INFO  o.eclipse.m2e.core.internal.Bundles - 	Entry: /Users/princearthur/.p2/pool/plugins/org.eclipse.m2e.maven.runtime_3.8.604.20221130-2149/jars/commons-lang3-3.8.1.jar
2023-03-02 18:11:23,237 [Worker-99: Launching mavenrun-69e600b4-7832-45f0-a0c8-2ad2037deb2d] INFO  o.eclipse.m2e.core.internal.Bundles - 	Entry: /Users/princearthur/.p2/pool/plugins/org.eclipse.m2e.maven.runtime_3.8.604.20221130-2149/jars/guice-4.2.2-no_aop.jar
2023-03-02 18:11:23,237 [Worker-99: Launching mavenrun-69e600b4-7832-45f0-a0c8-2ad2037deb2d] INFO  o.eclipse.m2e.core.internal.Bundles - 	Entry: /Users/princearthur/.p2/pool/plugins/org.eclipse.m2e.maven.runtime_3.8.604.20221130-2149/jars/jansi-2.4.0.jar
2023-03-02 18:11:23,237 [Worker-99: Launching mavenrun-69e600b4-7832-45f0-a0c8-2ad2037deb2d] INFO  o.eclipse.m2e.core.internal.Bundles - 	Entry: /Users/princearthur/.p2/pool/plugins/org.eclipse.m2e.maven.runtime_3.8.604.20221130-2149/jars/maven-artifact-3.8.6.jar
2023-03-02 18:11:23,237 [Worker-99: Launching mavenrun-69e600b4-7832-45f0-a0c8-2ad2037deb2d] INFO  o.eclipse.m2e.core.internal.Bundles - 	Entry: /Users/princearthur/.p2/pool/plugins/org.eclipse.m2e.maven.runtime_3.8.604.20221130-2149/jars/maven-builder-support-3.8.6.jar
2023-03-02 18:11:23,237 [Worker-99: Launching mavenrun-69e600b4-7832-45f0-a0c8-2ad2037deb2d] INFO  o.eclipse.m2e.core.internal.Bundles - 	Entry: /Users/princearthur/.p2/pool/plugins/org.eclipse.m2e.maven.runtime_3.8.604.20221130-2149/jars/maven-compat-3.8.6.jar
2023-03-02 18:11:23,237 [Worker-99: Launching mavenrun-69e600b4-7832-45f0-a0c8-2ad2037deb2d] INFO  o.eclipse.m2e.core.internal.Bundles - 	Entry: /Users/princearthur/.p2/pool/plugins/org.eclipse.m2e.maven.runtime_3.8.604.20221130-2149/jars/maven-core-3.8.6.jar
2023-03-02 18:11:23,237 [Worker-99: Launching mavenrun-69e600b4-7832-45f0-a0c8-2ad2037deb2d] INFO  o.eclipse.m2e.core.internal.Bundles - 	Entry: /Users/princearthur/.p2/pool/plugins/org.eclipse.m2e.maven.runtime_3.8.604.20221130-2149/jars/maven-embedder-3.8.6.jar
2023-03-02 18:11:23,238 [Worker-99: Launching mavenrun-69e600b4-7832-45f0-a0c8-2ad2037deb2d] INFO  o.eclipse.m2e.core.internal.Bundles - 	Entry: /Users/princearthur/.p2/pool/plugins/org.eclipse.m2e.maven.runtime_3.8.604.20221130-2149/jars/maven-model-3.8.6.jar
2023-03-02 18:11:23,238 [Worker-99: Launching mavenrun-69e600b4-7832-45f0-a0c8-2ad2037deb2d] INFO  o.eclipse.m2e.core.internal.Bundles - 	Entry: /Users/princearthur/.p2/pool/plugins/org.eclipse.m2e.maven.runtime_3.8.604.20221130-2149/jars/maven-model-builder-3.8.6.jar
2023-03-02 18:11:23,238 [Worker-99: Launching mavenrun-69e600b4-7832-45f0-a0c8-2ad2037deb2d] INFO  o.eclipse.m2e.core.internal.Bundles - 	Entry: /Users/princearthur/.p2/pool/plugins/org.eclipse.m2e.maven.runtime_3.8.604.20221130-2149/jars/maven-plugin-api-3.8.6.jar
2023-03-02 18:11:23,238 [Worker-99: Launching mavenrun-69e600b4-7832-45f0-a0c8-2ad2037deb2d] INFO  o.eclipse.m2e.core.internal.Bundles - 	Entry: /Users/princearthur/.p2/pool/plugins/org.eclipse.m2e.maven.runtime_3.8.604.20221130-2149/jars/maven-repository-metadata-3.8.6.jar
2023-03-02 18:11:23,238 [Worker-99: Launching mavenrun-69e600b4-7832-45f0-a0c8-2ad2037deb2d] INFO  o.eclipse.m2e.core.internal.Bundles - 	Entry: /Users/princearthur/.p2/pool/plugins/org.eclipse.m2e.maven.runtime_3.8.604.20221130-2149/jars/maven-resolver-api-1.6.3.jar
2023-03-02 18:11:23,238 [Worker-99: Launching mavenrun-69e600b4-7832-45f0-a0c8-2ad2037deb2d] INFO  o.eclipse.m2e.core.internal.Bundles - 	Entry: /Users/princearthur/.p2/pool/plugins/org.eclipse.m2e.maven.runtime_3.8.604.20221130-2149/jars/maven-resolver-connector-basic-1.6.3.jar
2023-03-02 18:11:23,238 [Worker-99: Launching mavenrun-69e600b4-7832-45f0-a0c8-2ad2037deb2d] INFO  o.eclipse.m2e.core.internal.Bundles - 	Entry: /Users/princearthur/.p2/pool/plugins/org.eclipse.m2e.maven.runtime_3.8.604.20221130-2149/jars/maven-resolver-impl-1.6.3.jar
2023-03-02 18:11:23,239 [Worker-99: Launching mavenrun-69e600b4-7832-45f0-a0c8-2ad2037deb2d] INFO  o.eclipse.m2e.core.internal.Bundles - 	Entry: /Users/princearthur/.p2/pool/plugins/org.eclipse.m2e.maven.runtime_3.8.604.20221130-2149/jars/maven-resolver-provider-3.8.6.jar
2023-03-02 18:11:23,239 [Worker-99: Launching mavenrun-69e600b4-7832-45f0-a0c8-2ad2037deb2d] INFO  o.eclipse.m2e.core.internal.Bundles - 	Entry: /Users/princearthur/.p2/pool/plugins/org.eclipse.m2e.maven.runtime_3.8.604.20221130-2149/jars/maven-resolver-spi-1.6.3.jar
2023-03-02 18:11:23,239 [Worker-99: Launching mavenrun-69e600b4-7832-45f0-a0c8-2ad2037deb2d] INFO  o.eclipse.m2e.core.internal.Bundles - 	Entry: /Users/princearthur/.p2/pool/plugins/org.eclipse.m2e.maven.runtime_3.8.604.20221130-2149/jars/maven-resolver-transport-wagon-1.6.3.jar
2023-03-02 18:11:23,239 [Worker-99: Launching mavenrun-69e600b4-7832-45f0-a0c8-2ad2037deb2d] INFO  o.eclipse.m2e.core.internal.Bundles - 	Entry: /Users/princearthur/.p2/pool/plugins/org.eclipse.m2e.maven.runtime_3.8.604.20221130-2149/jars/maven-resolver-util-1.6.3.jar
2023-03-02 18:11:23,240 [Worker-99: Launching mavenrun-69e600b4-7832-45f0-a0c8-2ad2037deb2d] INFO  o.eclipse.m2e.core.internal.Bundles - 	Entry: /Users/princearthur/.p2/pool/plugins/org.eclipse.m2e.maven.runtime_3.8.604.20221130-2149/jars/maven-settings-3.8.6.jar
2023-03-02 18:11:23,240 [Worker-99: Launching mavenrun-69e600b4-7832-45f0-a0c8-2ad2037deb2d] INFO  o.eclipse.m2e.core.internal.Bundles - 	Entry: /Users/princearthur/.p2/pool/plugins/org.eclipse.m2e.maven.runtime_3.8.604.20221130-2149/jars/maven-settings-builder-3.8.6.jar
2023-03-02 18:11:23,240 [Worker-99: Launching mavenrun-69e600b4-7832-45f0-a0c8-2ad2037deb2d] INFO  o.eclipse.m2e.core.internal.Bundles - 	Entry: /Users/princearthur/.p2/pool/plugins/org.eclipse.m2e.maven.runtime_3.8.604.20221130-2149/jars/maven-shared-utils-3.3.4.jar
2023-03-02 18:11:23,240 [Worker-99: Launching mavenrun-69e600b4-7832-45f0-a0c8-2ad2037deb2d] INFO  o.eclipse.m2e.core.internal.Bundles - 	Entry: /Users/princearthur/.p2/pool/plugins/org.eclipse.m2e.maven.runtime_3.8.604.20221130-2149/jars/okhttp-3.14.1.jar
2023-03-02 18:11:23,241 [Worker-99: Launching mavenrun-69e600b4-7832-45f0-a0c8-2ad2037deb2d] INFO  o.eclipse.m2e.core.internal.Bundles - 	Entry: /Users/princearthur/.p2/pool/plugins/org.eclipse.m2e.maven.runtime_3.8.604.20221130-2149/jars/okio-1.17.3.jar
2023-03-02 18:11:23,241 [Worker-99: Launching mavenrun-69e600b4-7832-45f0-a0c8-2ad2037deb2d] INFO  o.eclipse.m2e.core.internal.Bundles - 	Entry: /Users/princearthur/.p2/pool/plugins/org.eclipse.m2e.maven.runtime_3.8.604.20221130-2149/jars/org.eclipse.sisu.inject-0.3.5.jar
2023-03-02 18:11:23,241 [Worker-99: Launching mavenrun-69e600b4-7832-45f0-a0c8-2ad2037deb2d] INFO  o.eclipse.m2e.core.internal.Bundles - 	Entry: /Users/princearthur/.p2/pool/plugins/org.eclipse.m2e.maven.runtime_3.8.604.20221130-2149/jars/org.eclipse.sisu.plexus-0.3.5.jar
2023-03-02 18:11:23,241 [Worker-99: Launching mavenrun-69e600b4-7832-45f0-a0c8-2ad2037deb2d] INFO  o.eclipse.m2e.core.internal.Bundles - 	Entry: /Users/princearthur/.p2/pool/plugins/org.eclipse.m2e.maven.runtime_3.8.604.20221130-2149/jars/plexus-build-api-0.0.7.jar
2023-03-02 18:11:23,241 [Worker-99: Launching mavenrun-69e600b4-7832-45f0-a0c8-2ad2037deb2d] INFO  o.eclipse.m2e.core.internal.Bundles - 	Entry: /Users/princearthur/.p2/pool/plugins/org.eclipse.m2e.maven.runtime_3.8.604.20221130-2149/jars/plexus-cipher-2.0.jar
2023-03-02 18:11:23,241 [Worker-99: Launching mavenrun-69e600b4-7832-45f0-a0c8-2ad2037deb2d] INFO  o.eclipse.m2e.core.internal.Bundles - 	Entry: /Users/princearthur/.p2/pool/plugins/org.eclipse.m2e.maven.runtime_3.8.604.20221130-2149/jars/plexus-classworlds-2.6.0.jar
2023-03-02 18:11:23,241 [Worker-99: Launching mavenrun-69e600b4-7832-45f0-a0c8-2ad2037deb2d] INFO  o.eclipse.m2e.core.internal.Bundles - 	Entry: /Users/princearthur/.p2/pool/plugins/org.eclipse.m2e.maven.runtime_3.8.604.20221130-2149/jars/plexus-component-annotations-2.1.0.jar
2023-03-02 18:11:23,241 [Worker-99: Launching mavenrun-69e600b4-7832-45f0-a0c8-2ad2037deb2d] INFO  o.eclipse.m2e.core.internal.Bundles - 	Entry: /Users/princearthur/.p2/pool/plugins/org.eclipse.m2e.maven.runtime_3.8.604.20221130-2149/jars/plexus-interpolation-1.26.jar
2023-03-02 18:11:23,241 [Worker-99: Launching mavenrun-69e600b4-7832-45f0-a0c8-2ad2037deb2d] INFO  o.eclipse.m2e.core.internal.Bundles - 	Entry: /Users/princearthur/.p2/pool/plugins/org.eclipse.m2e.maven.runtime_3.8.604.20221130-2149/jars/plexus-sec-dispatcher-2.0.jar
2023-03-02 18:11:23,241 [Worker-99: Launching mavenrun-69e600b4-7832-45f0-a0c8-2ad2037deb2d] INFO  o.eclipse.m2e.core.internal.Bundles - 	Entry: /Users/princearthur/.p2/pool/plugins/org.eclipse.m2e.maven.runtime_3.8.604.20221130-2149/jars/plexus-utils-3.3.1.jar
2023-03-02 18:11:23,241 [Worker-99: Launching mavenrun-69e600b4-7832-45f0-a0c8-2ad2037deb2d] INFO  o.eclipse.m2e.core.internal.Bundles - 	Entry: /Users/princearthur/.p2/pool/plugins/org.eclipse.m2e.maven.runtime_3.8.604.20221130-2149/jars/wagon-file-3.5.1.jar
2023-03-02 18:11:23,241 [Worker-99: Launching mavenrun-69e600b4-7832-45f0-a0c8-2ad2037deb2d] INFO  o.eclipse.m2e.core.internal.Bundles - 	Entry: /Users/princearthur/.p2/pool/plugins/org.eclipse.m2e.maven.runtime_3.8.604.20221130-2149/jars/wagon-provider-api-3.5.1.jar
2023-03-02 18:11:23,244 [Worker-99: Launching mavenrun-69e600b4-7832-45f0-a0c8-2ad2037deb2d] INFO  o.eclipse.m2e.core.internal.Bundles - getClasspathEntries(Bundle=com.google.guava_30.1.0.v20221112-0806 [441])
2023-03-02 18:11:23,249 [Worker-99: Launching mavenrun-69e600b4-7832-45f0-a0c8-2ad2037deb2d] INFO  o.eclipse.m2e.core.internal.Bundles - 	Entry: /Users/princearthur/.p2/pool/plugins/com.google.guava_30.1.0.v20221112-0806.jar
2023-03-02 18:11:23,249 [Worker-99: Launching mavenrun-69e600b4-7832-45f0-a0c8-2ad2037deb2d] INFO  o.eclipse.m2e.core.internal.Bundles - getClasspathEntries(Bundle=slf4j.api_1.7.36 [658])
2023-03-02 18:11:23,251 [Worker-99: Launching mavenrun-69e600b4-7832-45f0-a0c8-2ad2037deb2d] INFO  o.eclipse.m2e.core.internal.Bundles - 	Entry: /Users/princearthur/.p2/pool/plugins/slf4j.api_1.7.36.jar
2023-03-02 18:11:23,251 [Worker-99: Launching mavenrun-69e600b4-7832-45f0-a0c8-2ad2037deb2d] INFO  o.eclipse.m2e.core.internal.Bundles - getClasspathEntries(Bundle=javax.inject_1.0.0.v20220405-0441 [17])
2023-03-02 18:11:23,254 [Worker-99: Launching mavenrun-69e600b4-7832-45f0-a0c8-2ad2037deb2d] INFO  o.eclipse.m2e.core.internal.Bundles - 	Entry: /Users/princearthur/.p2/pool/plugins/javax.inject_1.0.0.v20220405-0441.jar
2023-03-02 18:11:23,254 [Worker-99: Launching mavenrun-69e600b4-7832-45f0-a0c8-2ad2037deb2d] INFO  o.eclipse.m2e.core.internal.Bundles - getClasspathEntries(Bundle=javax.annotation_1.3.5.v20221112-0806 [446])
2023-03-02 18:11:23,256 [Worker-99: Launching mavenrun-69e600b4-7832-45f0-a0c8-2ad2037deb2d] INFO  o.eclipse.m2e.core.internal.Bundles - 	Entry: /Users/princearthur/.p2/pool/plugins/javax.annotation_1.3.5.v20221112-0806.jar
2023-03-02 18:11:23,261 [Worker-99: Launching mavenrun-69e600b4-7832-45f0-a0c8-2ad2037deb2d] INFO  o.e.m.i.launch.MavenLaunchDelegate - Run build in "/var/folders/1n/z1wtl0bs0gl28dp0n1_l43pw0000gn/T/m2e-archetypeGenerator3320602854247174707":
2023-03-02 18:11:23,262 [Worker-99: Launching mavenrun-69e600b4-7832-45f0-a0c8-2ad2037deb2d] INFO  o.e.m.i.launch.MavenLaunchDelegate -  mvn  -DarchetypeGroupId=org.apache.maven.archetypes -DarchetypeArtifactId=maven-archetype-quickstart -DarchetypeVersion=1.4 -DgroupId=Tutorial -DartifactId=Tutorial_a_selenium_project -Dversion=0.0.1-SNAPSHOT -Dpackage=Tutorial.Biulding_a_selenium_project -DoutputDirectory=/Users/princearthur/eclipse-workspace/learningJava/learningJava/selenium2nd/Selenium -Dstyle.color=always -U archetype:generate
2023-03-02 18:11:33,442 [Worker-101: Creating maven-archetype-quickstart] INFO  o.e.m.c.i.p.ProjectConfigurationManager - Collecting project info '/pom.xml' /Users/princearthur/eclipse-workspace/learningJava/learningJava/selenium2nd/Selenium/Tutorial_a_selenium_project/pom.xml
2023-03-02 18:11:34,020 [Worker-101: Creating maven-archetype-quickstart] INFO  o.e.m.c.i.l.LifecycleMappingFactory - Using org.eclipse.m2e.jdt.JarLifecycleMapping lifecycle mapping for MavenProject: Tutorial:Tutorial_a_selenium_project:0.0.1-SNAPSHOT @ /Users/princearthur/eclipse-workspace/learningJava/learningJava/selenium2nd/Selenium/Tutorial_a_selenium_project/pom.xml.
2023-03-02 18:11:34,377 [Worker-101: Creating maven-archetype-quickstart] INFO  o.e.m.j.i.AbstractJavaProjectConfigurator - Adding source folder /Tutorial_a_selenium_project/src/main/java
2023-03-02 18:11:34,381 [Worker-101: Creating maven-archetype-quickstart] INFO  o.e.m.j.i.AbstractJavaProjectConfigurator - Adding source folder /Tutorial_a_selenium_project/src/test/java
2023-03-02 18:11:34,429 [Worker-101: Creating maven-archetype-quickstart] INFO  o.e.m.c.i.p.ProjectConfigurationManager - Imported and configured 1 project(s) in 0 sec
2023-03-02 18:11:34,923 [Worker-103: Building] INFO  o.e.m.c.i.embedder.EclipseLogger - Using 'UTF-8' encoding to copy filtered resources.
2023-03-02 18:11:34,923 [Worker-103: Building] INFO  o.e.m.c.i.embedder.EclipseLogger - skip non existing resourceDirectory /Users/princearthur/eclipse-workspace/learningJava/learningJava/selenium2nd/Selenium/Tutorial_a_selenium_project/src/main/resources
2023-03-02 18:11:34,925 [Worker-103: Building] INFO  o.e.m.c.i.embedder.EclipseLogger - Using 'UTF-8' encoding to copy filtered resources.
2023-03-02 18:11:34,925 [Worker-103: Building] INFO  o.e.m.c.i.embedder.EclipseLogger - skip non existing resourceDirectory /Users/princearthur/eclipse-workspace/learningJava/learningJava/selenium2nd/Selenium/Tutorial_a_selenium_project/src/test/resources
2023-03-02 18:19:21,850 [Worker-101: Building] INFO  o.e.m.c.i.embedder.EclipseLogger - Using 'UTF-8' encoding to copy filtered resources.
2023-03-02 18:19:21,851 [Worker-101: Building] INFO  o.e.m.c.i.embedder.EclipseLogger - skip non existing resourceDirectory /Users/princearthur/eclipse-workspace/learningJava/learningJava/selenium2nd/Selenium/Tutorial_a_selenium_project/src/main/resources
2023-03-02 18:19:21,853 [Worker-101: Building] INFO  o.e.m.c.i.embedder.EclipseLogger - Using 'UTF-8' encoding to copy filtered resources.
2023-03-02 18:19:21,854 [Worker-101: Building] INFO  o.e.m.c.i.embedder.EclipseLogger - skip non existing resourceDirectory /Users/princearthur/eclipse-workspace/learningJava/learningJava/selenium2nd/Selenium/Tutorial_a_selenium_project/src/test/resources
2023-03-02 18:22:10,004 [Worker-6: Loading available Gradle versions] INFO  o.e.b.c.i.u.g.PublishedGradleVersions - Gradle version information cache is out-of-date. Trying to update.
2023-03-02 18:23:10,291 [Worker-21: Building] INFO  o.e.m.c.i.embedder.EclipseLogger - Using 'UTF-8' encoding to copy filtered resources.
2023-03-02 18:23:10,293 [Worker-21: Building] INFO  o.e.m.c.i.embedder.EclipseLogger - skip non existing resourceDirectory /Users/princearthur/eclipse-workspace/learningJava/learningJava/selenium2nd/Selenium/Tutorial_a_selenium_project/src/main/resources
2023-03-02 18:23:10,295 [Worker-21: Building] INFO  o.e.m.c.i.embedder.EclipseLogger - Using 'UTF-8' encoding to copy filtered resources.
2023-03-02 18:23:10,296 [Worker-21: Building] INFO  o.e.m.c.i.embedder.EclipseLogger - skip non existing resourceDirectory /Users/princearthur/eclipse-workspace/learningJava/learningJava/selenium2nd/Selenium/Tutorial_a_selenium_project/src/test/resources
2023-03-02 18:24:09,418 [Worker-11: Building] INFO  o.e.m.c.i.embedder.EclipseLogger - Using 'UTF-8' encoding to copy filtered resources.
2023-03-02 18:24:09,418 [Worker-11: Building] INFO  o.e.m.c.i.embedder.EclipseLogger - skip non existing resourceDirectory /Users/princearthur/eclipse-workspace/learningJava/learningJava/selenium2nd/Selenium/Tutorial_a_selenium_project/src/main/resources
2023-03-02 18:24:09,424 [Worker-11: Building] INFO  o.e.m.c.i.embedder.EclipseLogger - Using 'UTF-8' encoding to copy filtered resources.
2023-03-02 18:24:09,424 [Worker-11: Building] INFO  o.e.m.c.i.embedder.EclipseLogger - skip non existing resourceDirectory /Users/princearthur/eclipse-workspace/learningJava/learningJava/selenium2nd/Selenium/Tutorial_a_selenium_project/src/test/resources
2023-03-02 18:26:08,750 [Worker-22: Building] INFO  o.e.m.c.i.embedder.EclipseLogger - Using 'UTF-8' encoding to copy filtered resources.
2023-03-02 18:26:08,751 [Worker-22: Building] INFO  o.e.m.c.i.embedder.EclipseLogger - skip non existing resourceDirectory /Users/princearthur/eclipse-workspace/learningJava/learningJava/selenium2nd/Selenium/Tutorial_a_selenium_project/src/main/resources
2023-03-02 18:26:08,753 [Worker-22: Building] INFO  o.e.m.c.i.embedder.EclipseLogger - Using 'UTF-8' encoding to copy filtered resources.
2023-03-02 18:26:08,753 [Worker-22: Building] INFO  o.e.m.c.i.embedder.EclipseLogger - skip non existing resourceDirectory /Users/princearthur/eclipse-workspace/learningJava/learningJava/selenium2nd/Selenium/Tutorial_a_selenium_project/src/test/resources
2023-03-02 19:06:17,780 [Worker-40: Building] INFO  o.e.m.c.i.embedder.EclipseLogger - Using 'UTF-8' encoding to copy filtered resources.
2023-03-02 19:06:17,782 [Worker-40: Building] INFO  o.e.m.c.i.embedder.EclipseLogger - skip non existing resourceDirectory /Users/princearthur/eclipse-workspace/learningJava/learningJava/selenium2nd/Selenium/Tutorial_a_selenium_project/src/main/resources
2023-03-02 19:06:17,784 [Worker-40: Building] INFO  o.e.m.c.i.embedder.EclipseLogger - Using 'UTF-8' encoding to copy filtered resources.
2023-03-02 19:06:17,785 [Worker-40: Building] INFO  o.e.m.c.i.embedder.EclipseLogger - skip non existing resourceDirectory /Users/princearthur/eclipse-workspace/learningJava/learningJava/selenium2nd/Selenium/Tutorial_a_selenium_project/src/test/resources
2023-03-02 19:10:21,932 [main] INFO  o.e.m2e.actions.ExecutePomAction - Creating new launch configuration
2023-03-02 19:10:28,559 [Worker-37: Launching Tutorial_a_selenium_project] INFO  o.eclipse.m2e.core.internal.Bundles - getClasspathEntries(Bundle=org.eclipse.m2e.maven.runtime_3.8.604.20221130-2149 [586])
2023-03-02 19:10:28,567 [Worker-37: Launching Tutorial_a_selenium_project] INFO  o.eclipse.m2e.core.internal.Bundles - 	Entry: /Users/princearthur/.p2/pool/plugins/org.eclipse.m2e.maven.runtime_3.8.604.20221130-2149
2023-03-02 19:10:28,567 [Worker-37: Launching Tutorial_a_selenium_project] INFO  o.eclipse.m2e.core.internal.Bundles - 	Entry: /Users/princearthur/.p2/pool/plugins/org.eclipse.m2e.maven.runtime_3.8.604.20221130-2149/jars/aether-connector-okhttp-0.17.8.jar
2023-03-02 19:10:28,568 [Worker-37: Launching Tutorial_a_selenium_project] INFO  o.eclipse.m2e.core.internal.Bundles - 	Entry: /Users/princearthur/.p2/pool/plugins/org.eclipse.m2e.maven.runtime_3.8.604.20221130-2149/jars/commons-cli-1.4.jar
2023-03-02 19:10:28,568 [Worker-37: Launching Tutorial_a_selenium_project] INFO  o.eclipse.m2e.core.internal.Bundles - 	Entry: /Users/princearthur/.p2/pool/plugins/org.eclipse.m2e.maven.runtime_3.8.604.20221130-2149/jars/commons-io-2.6.jar
2023-03-02 19:10:28,568 [Worker-37: Launching Tutorial_a_selenium_project] INFO  o.eclipse.m2e.core.internal.Bundles - 	Entry: /Users/princearthur/.p2/pool/plugins/org.eclipse.m2e.maven.runtime_3.8.604.20221130-2149/jars/commons-lang3-3.8.1.jar
2023-03-02 19:10:28,568 [Worker-37: Launching Tutorial_a_selenium_project] INFO  o.eclipse.m2e.core.internal.Bundles - 	Entry: /Users/princearthur/.p2/pool/plugins/org.eclipse.m2e.maven.runtime_3.8.604.20221130-2149/jars/guice-4.2.2-no_aop.jar
2023-03-02 19:10:28,568 [Worker-37: Launching Tutorial_a_selenium_project] INFO  o.eclipse.m2e.core.internal.Bundles - 	Entry: /Users/princearthur/.p2/pool/plugins/org.eclipse.m2e.maven.runtime_3.8.604.20221130-2149/jars/jansi-2.4.0.jar
2023-03-02 19:10:28,569 [Worker-37: Launching Tutorial_a_selenium_project] INFO  o.eclipse.m2e.core.internal.Bundles - 	Entry: /Users/princearthur/.p2/pool/plugins/org.eclipse.m2e.maven.runtime_3.8.604.20221130-2149/jars/maven-artifact-3.8.6.jar
2023-03-02 19:10:28,569 [Worker-37: Launching Tutorial_a_selenium_project] INFO  o.eclipse.m2e.core.internal.Bundles - 	Entry: /Users/princearthur/.p2/pool/plugins/org.eclipse.m2e.maven.runtime_3.8.604.20221130-2149/jars/maven-builder-support-3.8.6.jar
2023-03-02 19:10:28,569 [Worker-37: Launching Tutorial_a_selenium_project] INFO  o.eclipse.m2e.core.internal.Bundles - 	Entry: /Users/princearthur/.p2/pool/plugins/org.eclipse.m2e.maven.runtime_3.8.604.20221130-2149/jars/maven-compat-3.8.6.jar
2023-03-02 19:10:28,569 [Worker-37: Launching Tutorial_a_selenium_project] INFO  o.eclipse.m2e.core.internal.Bundles - 	Entry: /Users/princearthur/.p2/pool/plugins/org.eclipse.m2e.maven.runtime_3.8.604.20221130-2149/jars/maven-core-3.8.6.jar
2023-03-02 19:10:28,569 [Worker-37: Launching Tutorial_a_selenium_project] INFO  o.eclipse.m2e.core.internal.Bundles - 	Entry: /Users/princearthur/.p2/pool/plugins/org.eclipse.m2e.maven.runtime_3.8.604.20221130-2149/jars/maven-embedder-3.8.6.jar
2023-03-02 19:10:28,569 [Worker-37: Launching Tutorial_a_selenium_project] INFO  o.eclipse.m2e.core.internal.Bundles - 	Entry: /Users/princearthur/.p2/pool/plugins/org.eclipse.m2e.maven.runtime_3.8.604.20221130-2149/jars/maven-model-3.8.6.jar
2023-03-02 19:10:28,569 [Worker-37: Launching Tutorial_a_selenium_project] INFO  o.eclipse.m2e.core.internal.Bundles - 	Entry: /Users/princearthur/.p2/pool/plugins/org.eclipse.m2e.maven.runtime_3.8.604.20221130-2149/jars/maven-model-builder-3.8.6.jar
2023-03-02 19:10:28,569 [Worker-37: Launching Tutorial_a_selenium_project] INFO  o.eclipse.m2e.core.internal.Bundles - 	Entry: /Users/princearthur/.p2/pool/plugins/org.eclipse.m2e.maven.runtime_3.8.604.20221130-2149/jars/maven-plugin-api-3.8.6.jar
2023-03-02 19:10:28,569 [Worker-37: Launching Tutorial_a_selenium_project] INFO  o.eclipse.m2e.core.internal.Bundles - 	Entry: /Users/princearthur/.p2/pool/plugins/org.eclipse.m2e.maven.runtime_3.8.604.20221130-2149/jars/maven-repository-metadata-3.8.6.jar
2023-03-02 19:10:28,569 [Worker-37: Launching Tutorial_a_selenium_project] INFO  o.eclipse.m2e.core.internal.Bundles - 	Entry: /Users/princearthur/.p2/pool/plugins/org.eclipse.m2e.maven.runtime_3.8.604.20221130-2149/jars/maven-resolver-api-1.6.3.jar
2023-03-02 19:10:28,569 [Worker-37: Launching Tutorial_a_selenium_project] INFO  o.eclipse.m2e.core.internal.Bundles - 	Entry: /Users/princearthur/.p2/pool/plugins/org.eclipse.m2e.maven.runtime_3.8.604.20221130-2149/jars/maven-resolver-connector-basic-1.6.3.jar
2023-03-02 19:10:28,570 [Worker-37: Launching Tutorial_a_selenium_project] INFO  o.eclipse.m2e.core.internal.Bundles - 	Entry: /Users/princearthur/.p2/pool/plugins/org.eclipse.m2e.maven.runtime_3.8.604.20221130-2149/jars/maven-resolver-impl-1.6.3.jar
2023-03-02 19:10:28,570 [Worker-37: Launching Tutorial_a_selenium_project] INFO  o.eclipse.m2e.core.internal.Bundles - 	Entry: /Users/princearthur/.p2/pool/plugins/org.eclipse.m2e.maven.runtime_3.8.604.20221130-2149/jars/maven-resolver-provider-3.8.6.jar
2023-03-02 19:10:28,570 [Worker-37: Launching Tutorial_a_selenium_project] INFO  o.eclipse.m2e.core.internal.Bundles - 	Entry: /Users/princearthur/.p2/pool/plugins/org.eclipse.m2e.maven.runtime_3.8.604.20221130-2149/jars/maven-resolver-spi-1.6.3.jar
2023-03-02 19:10:28,570 [Worker-37: Launching Tutorial_a_selenium_project] INFO  o.eclipse.m2e.core.internal.Bundles - 	Entry: /Users/princearthur/.p2/pool/plugins/org.eclipse.m2e.maven.runtime_3.8.604.20221130-2149/jars/maven-resolver-transport-wagon-1.6.3.jar
2023-03-02 19:10:28,570 [Worker-37: Launching Tutorial_a_selenium_project] INFO  o.eclipse.m2e.core.internal.Bundles - 	Entry: /Users/princearthur/.p2/pool/plugins/org.eclipse.m2e.maven.runtime_3.8.604.20221130-2149/jars/maven-resolver-util-1.6.3.jar
2023-03-02 19:10:28,570 [Worker-37: Launching Tutorial_a_selenium_project] INFO  o.eclipse.m2e.core.internal.Bundles - 	Entry: /Users/princearthur/.p2/pool/plugins/org.eclipse.m2e.maven.runtime_3.8.604.20221130-2149/jars/maven-settings-3.8.6.jar
2023-03-02 19:10:28,570 [Worker-37: Launching Tutorial_a_selenium_project] INFO  o.eclipse.m2e.core.internal.Bundles - 	Entry: /Users/princearthur/.p2/pool/plugins/org.eclipse.m2e.maven.runtime_3.8.604.20221130-2149/jars/maven-settings-builder-3.8.6.jar
2023-03-02 19:10:28,570 [Worker-37: Launching Tutorial_a_selenium_project] INFO  o.eclipse.m2e.core.internal.Bundles - 	Entry: /Users/princearthur/.p2/pool/plugins/org.eclipse.m2e.maven.runtime_3.8.604.20221130-2149/jars/maven-shared-utils-3.3.4.jar
2023-03-02 19:10:28,570 [Worker-37: Launching Tutorial_a_selenium_project] INFO  o.eclipse.m2e.core.internal.Bundles - 	Entry: /Users/princearthur/.p2/pool/plugins/org.eclipse.m2e.maven.runtime_3.8.604.20221130-2149/jars/okhttp-3.14.1.jar
2023-03-02 19:10:28,570 [Worker-37: Launching Tutorial_a_selenium_project] INFO  o.eclipse.m2e.core.internal.Bundles - 	Entry: /Users/princearthur/.p2/pool/plugins/org.eclipse.m2e.maven.runtime_3.8.604.20221130-2149/jars/okio-1.17.3.jar
2023-03-02 19:10:28,570 [Worker-37: Launching Tutorial_a_selenium_project] INFO  o.eclipse.m2e.core.internal.Bundles - 	Entry: /Users/princearthur/.p2/pool/plugins/org.eclipse.m2e.maven.runtime_3.8.604.20221130-2149/jars/org.eclipse.sisu.inject-0.3.5.jar
2023-03-02 19:10:28,571 [Worker-37: Launching Tutorial_a_selenium_project] INFO  o.eclipse.m2e.core.internal.Bundles - 	Entry: /Users/princearthur/.p2/pool/plugins/org.eclipse.m2e.maven.runtime_3.8.604.20221130-2149/jars/org.eclipse.sisu.plexus-0.3.5.jar
2023-03-02 19:10:28,571 [Worker-37: Launching Tutorial_a_selenium_project] INFO  o.eclipse.m2e.core.internal.Bundles - 	Entry: /Users/princearthur/.p2/pool/plugins/org.eclipse.m2e.maven.runtime_3.8.604.20221130-2149/jars/plexus-build-api-0.0.7.jar
2023-03-02 19:10:28,571 [Worker-37: Launching Tutorial_a_selenium_project] INFO  o.eclipse.m2e.core.internal.Bundles - 	Entry: /Users/princearthur/.p2/pool/plugins/org.eclipse.m2e.maven.runtime_3.8.604.20221130-2149/jars/plexus-cipher-2.0.jar
2023-03-02 19:10:28,571 [Worker-37: Launching Tutorial_a_selenium_project] INFO  o.eclipse.m2e.core.internal.Bundles - 	Entry: /Users/princearthur/.p2/pool/plugins/org.eclipse.m2e.maven.runtime_3.8.604.20221130-2149/jars/plexus-classworlds-2.6.0.jar
2023-03-02 19:10:28,571 [Worker-37: Launching Tutorial_a_selenium_project] INFO  o.eclipse.m2e.core.internal.Bundles - 	Entry: /Users/princearthur/.p2/pool/plugins/org.eclipse.m2e.maven.runtime_3.8.604.20221130-2149/jars/plexus-component-annotations-2.1.0.jar
2023-03-02 19:10:28,571 [Worker-37: Launching Tutorial_a_selenium_project] INFO  o.eclipse.m2e.core.internal.Bundles - 	Entry: /Users/princearthur/.p2/pool/plugins/org.eclipse.m2e.maven.runtime_3.8.604.20221130-2149/jars/plexus-interpolation-1.26.jar
2023-03-02 19:10:28,571 [Worker-37: Launching Tutorial_a_selenium_project] INFO  o.eclipse.m2e.core.internal.Bundles - 	Entry: /Users/princearthur/.p2/pool/plugins/org.eclipse.m2e.maven.runtime_3.8.604.20221130-2149/jars/plexus-sec-dispatcher-2.0.jar
2023-03-02 19:10:28,571 [Worker-37: Launching Tutorial_a_selenium_project] INFO  o.eclipse.m2e.core.internal.Bundles - 	Entry: /Users/princearthur/.p2/pool/plugins/org.eclipse.m2e.maven.runtime_3.8.604.20221130-2149/jars/plexus-utils-3.3.1.jar
2023-03-02 19:10:28,572 [Worker-37: Launching Tutorial_a_selenium_project] INFO  o.eclipse.m2e.core.internal.Bundles - 	Entry: /Users/princearthur/.p2/pool/plugins/org.eclipse.m2e.maven.runtime_3.8.604.20221130-2149/jars/wagon-file-3.5.1.jar
2023-03-02 19:10:28,572 [Worker-37: Launching Tutorial_a_selenium_project] INFO  o.eclipse.m2e.core.internal.Bundles - 	Entry: /Users/princearthur/.p2/pool/plugins/org.eclipse.m2e.maven.runtime_3.8.604.20221130-2149/jars/wagon-provider-api-3.5.1.jar
2023-03-02 19:10:28,573 [Worker-37: Launching Tutorial_a_selenium_project] INFO  o.eclipse.m2e.core.internal.Bundles - getClasspathEntries(Bundle=com.google.guava_30.1.0.v20221112-0806 [441])
2023-03-02 19:10:28,575 [Worker-37: Launching Tutorial_a_selenium_project] INFO  o.eclipse.m2e.core.internal.Bundles - 	Entry: /Users/princearthur/.p2/pool/plugins/com.google.guava_30.1.0.v20221112-0806.jar
2023-03-02 19:10:28,576 [Worker-37: Launching Tutorial_a_selenium_project] INFO  o.eclipse.m2e.core.internal.Bundles - getClasspathEntries(Bundle=slf4j.api_1.7.36 [658])
2023-03-02 19:10:28,576 [Worker-37: Launching Tutorial_a_selenium_project] INFO  o.eclipse.m2e.core.internal.Bundles - 	Entry: /Users/princearthur/.p2/pool/plugins/slf4j.api_1.7.36.jar
2023-03-02 19:10:28,576 [Worker-37: Launching Tutorial_a_selenium_project] INFO  o.eclipse.m2e.core.internal.Bundles - getClasspathEntries(Bundle=javax.inject_1.0.0.v20220405-0441 [17])
2023-03-02 19:10:28,577 [Worker-37: Launching Tutorial_a_selenium_project] INFO  o.eclipse.m2e.core.internal.Bundles - 	Entry: /Users/princearthur/.p2/pool/plugins/javax.inject_1.0.0.v20220405-0441.jar
2023-03-02 19:10:28,577 [Worker-37: Launching Tutorial_a_selenium_project] INFO  o.eclipse.m2e.core.internal.Bundles - getClasspathEntries(Bundle=javax.annotation_1.3.5.v20221112-0806 [446])
2023-03-02 19:10:28,579 [Worker-37: Launching Tutorial_a_selenium_project] INFO  o.eclipse.m2e.core.internal.Bundles - 	Entry: /Users/princearthur/.p2/pool/plugins/javax.annotation_1.3.5.v20221112-0806.jar
2023-03-02 19:10:28,581 [Worker-37: Launching Tutorial_a_selenium_project] INFO  o.e.m.i.launch.MavenLaunchDelegate - Run build in "/Users/princearthur/eclipse-workspace/learningJava/learningJava/selenium2nd/Selenium/Tutorial_a_selenium_project":
2023-03-02 19:10:28,581 [Worker-37: Launching Tutorial_a_selenium_project] INFO  o.e.m.i.launch.MavenLaunchDelegate -  mvn  -B -Dstyle.color=always 
2023-03-02 19:10:29,063 [Worker-36: Building] INFO  o.e.m.c.i.l.LifecycleMappingFactory - Using org.eclipse.m2e.jdt.JarLifecycleMapping lifecycle mapping for MavenProject: Tutorial:Tutorial_a_selenium_project:0.0.1-SNAPSHOT @ /Users/princearthur/eclipse-workspace/learningJava/learningJava/selenium2nd/Selenium/Tutorial_a_selenium_project/pom.xml.
2023-03-02 19:10:29,493 [Worker-36: Building] INFO  o.e.m.c.i.embedder.EclipseLogger - Using 'UTF-8' encoding to copy filtered resources.
2023-03-02 19:10:29,493 [Worker-36: Building] INFO  o.e.m.c.i.embedder.EclipseLogger - skip non existing resourceDirectory /Users/princearthur/eclipse-workspace/learningJava/learningJava/selenium2nd/Selenium/Tutorial_a_selenium_project/src/main/resources
2023-03-02 19:10:29,496 [Worker-36: Building] INFO  o.e.m.c.i.embedder.EclipseLogger - Using 'UTF-8' encoding to copy filtered resources.
2023-03-02 19:10:29,496 [Worker-36: Building] INFO  o.e.m.c.i.embedder.EclipseLogger - skip non existing resourceDirectory /Users/princearthur/eclipse-workspace/learningJava/learningJava/selenium2nd/Selenium/Tutorial_a_selenium_project/src/test/resources
2023-03-02 19:10:30,587 [Worker-38: Download sources and javadoc] INFO  o.e.m.c.i.e.AbstractTransferListenerAdapter - Downloading https://repo.maven.apache.org/maven2/org/seleniumhq/selenium/selenium-remote-driver/4.8.1/selenium-remote-driver-4.8.1-sources.jar
2023-03-02 19:10:30,709 [Worker-38: Download sources and javadoc] INFO  o.e.m.c.i.e.AbstractTransferListenerAdapter - Downloaded https://repo.maven.apache.org/maven2/org/seleniumhq/selenium/selenium-remote-driver/4.8.1/selenium-remote-driver-4.8.1-sources.jar
2023-03-02 19:10:30,713 [Worker-38: Download sources and javadoc] INFO  o.e.m.j.internal.DownloadSourcesJob - Downloaded sources for org.seleniumhq.selenium:selenium-remote-driver:4.8.1
2023-03-02 19:10:30,759 [Worker-42: Building] INFO  o.e.m.c.i.embedder.EclipseLogger - Using 'UTF-8' encoding to copy filtered resources.
2023-03-02 19:10:30,759 [Worker-42: Building] INFO  o.e.m.c.i.embedder.EclipseLogger - skip non existing resourceDirectory /Users/princearthur/eclipse-workspace/learningJava/learningJava/selenium2nd/Selenium/Tutorial_a_selenium_project/src/main/resources
2023-03-02 19:10:30,760 [Worker-42: Building] INFO  o.e.m.c.i.embedder.EclipseLogger - Using 'UTF-8' encoding to copy filtered resources.
2023-03-02 19:10:30,760 [Worker-42: Building] INFO  o.e.m.c.i.embedder.EclipseLogger - skip non existing resourceDirectory /Users/princearthur/eclipse-workspace/learningJava/learningJava/selenium2nd/Selenium/Tutorial_a_selenium_project/src/test/resources
2023-03-02 19:10:30,841 [Worker-38: Download sources and javadoc] INFO  o.e.m.c.i.e.AbstractTransferListenerAdapter - Downloading https://repo.maven.apache.org/maven2/com/beust/jcommander/1.82/jcommander-1.82-sources.jar
2023-03-02 19:10:30,910 [Worker-38: Download sources and javadoc] INFO  o.e.m.c.i.e.AbstractTransferListenerAdapter - Downloaded https://repo.maven.apache.org/maven2/com/beust/jcommander/1.82/jcommander-1.82-sources.jar
2023-03-02 19:10:30,912 [Worker-38: Download sources and javadoc] INFO  o.e.m.j.internal.DownloadSourcesJob - Downloaded sources for com.beust:jcommander:1.82
2023-03-02 19:10:31,032 [Worker-38: Download sources and javadoc] INFO  o.e.m.c.i.e.AbstractTransferListenerAdapter - Downloading https://repo.maven.apache.org/maven2/com/google/auto/service/auto-service-annotations/1.0.1/auto-service-annotations-1.0.1-sources.jar
2023-03-02 19:10:31,102 [Worker-38: Download sources and javadoc] INFO  o.e.m.c.i.e.AbstractTransferListenerAdapter - Downloaded https://repo.maven.apache.org/maven2/com/google/auto/service/auto-service-annotations/1.0.1/auto-service-annotations-1.0.1-sources.jar
2023-03-02 19:10:31,103 [Worker-38: Download sources and javadoc] INFO  o.e.m.j.internal.DownloadSourcesJob - Downloaded sources for com.google.auto.service:auto-service-annotations:1.0.1
2023-03-02 19:10:31,254 [Worker-38: Download sources and javadoc] INFO  o.e.m.c.i.e.AbstractTransferListenerAdapter - Downloading https://repo.maven.apache.org/maven2/com/google/auto/service/auto-service/1.0.1/auto-service-1.0.1-sources.jar
2023-03-02 19:10:31,322 [Worker-38: Download sources and javadoc] INFO  o.e.m.c.i.e.AbstractTransferListenerAdapter - Downloaded https://repo.maven.apache.org/maven2/com/google/auto/service/auto-service/1.0.1/auto-service-1.0.1-sources.jar
2023-03-02 19:10:31,323 [Worker-38: Download sources and javadoc] INFO  o.e.m.j.internal.DownloadSourcesJob - Downloaded sources for com.google.auto.service:auto-service:1.0.1
2023-03-02 19:10:31,459 [Worker-38: Download sources and javadoc] INFO  o.e.m.c.i.e.AbstractTransferListenerAdapter - Downloading https://repo.maven.apache.org/maven2/com/google/auto/auto-common/1.2/auto-common-1.2-sources.jar
2023-03-02 19:10:31,526 [Worker-38: Download sources and javadoc] INFO  o.e.m.c.i.e.AbstractTransferListenerAdapter - Downloaded https://repo.maven.apache.org/maven2/com/google/auto/auto-common/1.2/auto-common-1.2-sources.jar
2023-03-02 19:10:31,528 [Worker-38: Download sources and javadoc] INFO  o.e.m.j.internal.DownloadSourcesJob - Downloaded sources for com.google.auto:auto-common:1.2
2023-03-02 19:10:31,648 [Worker-38: Download sources and javadoc] INFO  o.e.m.c.i.e.AbstractTransferListenerAdapter - Downloading https://repo.maven.apache.org/maven2/com/google/guava/guava/31.1-jre/guava-31.1-jre-sources.jar
2023-03-02 19:10:31,883 [Worker-38: Download sources and javadoc] INFO  o.e.m.c.i.e.AbstractTransferListenerAdapter - Downloaded https://repo.maven.apache.org/maven2/com/google/guava/guava/31.1-jre/guava-31.1-jre-sources.jar
2023-03-02 19:10:31,885 [Worker-38: Download sources and javadoc] INFO  o.e.m.j.internal.DownloadSourcesJob - Downloaded sources for com.google.guava:guava:31.1-jre
2023-03-02 19:10:32,008 [Worker-38: Download sources and javadoc] INFO  o.e.m.c.i.e.AbstractTransferListenerAdapter - Downloading https://repo.maven.apache.org/maven2/com/google/guava/failureaccess/1.0.1/failureaccess-1.0.1-sources.jar
2023-03-02 19:10:32,077 [Worker-38: Download sources and javadoc] INFO  o.e.m.c.i.e.AbstractTransferListenerAdapter - Downloaded https://repo.maven.apache.org/maven2/com/google/guava/failureaccess/1.0.1/failureaccess-1.0.1-sources.jar
2023-03-02 19:10:32,080 [Worker-38: Download sources and javadoc] INFO  o.e.m.j.internal.DownloadSourcesJob - Downloaded sources for com.google.guava:failureaccess:1.0.1
2023-03-02 19:10:32,204 [Worker-38: Download sources and javadoc] INFO  o.e.m.c.i.e.AbstractTransferListenerAdapter - Downloaded https://repo.maven.apache.org/maven2/com/google/guava/listenablefuture/9999.0-empty-to-avoid-conflict-with-guava/listenablefuture-9999.0-empty-to-avoid-conflict-with-guava-sources.jar
2023-03-02 19:10:32,212 [Worker-38: Download sources and javadoc] ERROR o.e.m.j.internal.DownloadSourcesJob - Could not download sources for com.google.guava:listenablefuture:9999.0-empty-to-avoid-conflict-with-guava
org.eclipse.core.runtime.CoreException: Could not resolve artifact com.google.guava:listenablefuture:jar:sources:9999.0-empty-to-avoid-conflict-with-guava
	at org.eclipse.m2e.core.internal.embedder.MavenImpl.lambda$6(MavenImpl.java:587)
	at org.eclipse.m2e.core.internal.embedder.MavenExecutionContext.executeBare(MavenExecutionContext.java:364)
	at org.eclipse.m2e.core.internal.embedder.MavenExecutionContext.execute(MavenExecutionContext.java:227)
	at org.eclipse.m2e.core.internal.embedder.MavenExecutionContext.execute(MavenExecutionContext.java:213)
	at org.eclipse.m2e.core.internal.embedder.MavenImpl.resolve(MavenImpl.java:556)
	at org.eclipse.m2e.core.internal.embedder.MavenImpl.resolve(MavenImpl.java:541)
	at org.eclipse.m2e.jdt.internal.DownloadSourcesJob.download(DownloadSourcesJob.java:308)
	at org.eclipse.m2e.jdt.internal.DownloadSourcesJob.downloadAttachments(DownloadSourcesJob.java:282)
	at org.eclipse.m2e.jdt.internal.DownloadSourcesJob.downloadMaven(DownloadSourcesJob.java:252)
	at org.eclipse.m2e.jdt.internal.DownloadSourcesJob.downloadFilesAndPopulateToUpdate(DownloadSourcesJob.java:220)
	at org.eclipse.m2e.jdt.internal.DownloadSourcesJob.lambda$0(DownloadSourcesJob.java:149)
	at org.eclipse.m2e.core.internal.embedder.MavenExecutionContext.executeBare(MavenExecutionContext.java:364)
	at org.eclipse.m2e.core.internal.embedder.MavenExecutionContext.execute(MavenExecutionContext.java:274)
	at org.eclipse.m2e.core.internal.embedder.MavenExecutionContext.execute(MavenExecutionContext.java:213)
	at org.eclipse.m2e.core.embedder.IMaven.execute(IMaven.java:294)
	at org.eclipse.m2e.jdt.internal.DownloadSourcesJob.run(DownloadSourcesJob.java:149)
	at org.eclipse.core.internal.jobs.Worker.run(Worker.java:63)
2023-03-02 19:10:32,347 [Worker-38: Download sources and javadoc] INFO  o.e.m.c.i.e.AbstractTransferListenerAdapter - Downloading https://repo.maven.apache.org/maven2/com/google/code/findbugs/jsr305/3.0.2/jsr305-3.0.2-sources.jar
2023-03-02 19:10:32,402 [Worker-38: Download sources and javadoc] INFO  o.e.m.c.i.e.AbstractTransferListenerAdapter - Downloaded https://repo.maven.apache.org/maven2/com/google/code/findbugs/jsr305/3.0.2/jsr305-3.0.2-sources.jar
2023-03-02 19:10:32,404 [Worker-38: Download sources and javadoc] INFO  o.e.m.j.internal.DownloadSourcesJob - Downloaded sources for com.google.code.findbugs:jsr305:3.0.2
2023-03-02 19:10:32,534 [Worker-38: Download sources and javadoc] INFO  o.e.m.c.i.e.AbstractTransferListenerAdapter - Downloading https://repo.maven.apache.org/maven2/org/checkerframework/checker-qual/3.12.0/checker-qual-3.12.0-sources.jar
2023-03-02 19:10:32,656 [Worker-38: Download sources and javadoc] INFO  o.e.m.c.i.e.AbstractTransferListenerAdapter - Downloaded https://repo.maven.apache.org/maven2/org/checkerframework/checker-qual/3.12.0/checker-qual-3.12.0-sources.jar
2023-03-02 19:10:32,658 [Worker-38: Download sources and javadoc] INFO  o.e.m.j.internal.DownloadSourcesJob - Downloaded sources for org.checkerframework:checker-qual:3.12.0
2023-03-02 19:10:32,795 [Worker-38: Download sources and javadoc] INFO  o.e.m.c.i.e.AbstractTransferListenerAdapter - Downloading https://repo.maven.apache.org/maven2/com/google/errorprone/error_prone_annotations/2.11.0/error_prone_annotations-2.11.0-sources.jar
2023-03-02 19:10:32,852 [Worker-38: Download sources and javadoc] INFO  o.e.m.c.i.e.AbstractTransferListenerAdapter - Downloaded https://repo.maven.apache.org/maven2/com/google/errorprone/error_prone_annotations/2.11.0/error_prone_annotations-2.11.0-sources.jar
2023-03-02 19:10:32,854 [Worker-38: Download sources and javadoc] INFO  o.e.m.j.internal.DownloadSourcesJob - Downloaded sources for com.google.errorprone:error_prone_annotations:2.11.0
2023-03-02 19:10:32,972 [Worker-38: Download sources and javadoc] INFO  o.e.m.c.i.e.AbstractTransferListenerAdapter - Downloading https://repo.maven.apache.org/maven2/com/google/j2objc/j2objc-annotations/1.3/j2objc-annotations-1.3-sources.jar
2023-03-02 19:10:33,031 [Worker-38: Download sources and javadoc] INFO  o.e.m.c.i.e.AbstractTransferListenerAdapter - Downloaded https://repo.maven.apache.org/maven2/com/google/j2objc/j2objc-annotations/1.3/j2objc-annotations-1.3-sources.jar
2023-03-02 19:10:33,033 [Worker-38: Download sources and javadoc] INFO  o.e.m.j.internal.DownloadSourcesJob - Downloaded sources for com.google.j2objc:j2objc-annotations:1.3
2023-03-02 19:10:33,157 [Worker-38: Download sources and javadoc] INFO  o.e.m.c.i.e.AbstractTransferListenerAdapter - Downloading https://repo.maven.apache.org/maven2/io/netty/netty-buffer/4.1.87.Final/netty-buffer-4.1.87.Final-sources.jar
2023-03-02 19:10:33,270 [Worker-38: Download sources and javadoc] INFO  o.e.m.c.i.e.AbstractTransferListenerAdapter - Downloaded https://repo.maven.apache.org/maven2/io/netty/netty-buffer/4.1.87.Final/netty-buffer-4.1.87.Final-sources.jar
2023-03-02 19:10:33,272 [Worker-38: Download sources and javadoc] INFO  o.e.m.j.internal.DownloadSourcesJob - Downloaded sources for io.netty:netty-buffer:4.1.87.Final
2023-03-02 19:10:33,404 [Worker-38: Download sources and javadoc] INFO  o.e.m.c.i.e.AbstractTransferListenerAdapter - Downloading https://repo.maven.apache.org/maven2/io/netty/netty-codec-http/4.1.87.Final/netty-codec-http-4.1.87.Final-sources.jar
2023-03-02 19:10:33,554 [Worker-38: Download sources and javadoc] INFO  o.e.m.c.i.e.AbstractTransferListenerAdapter - Downloaded https://repo.maven.apache.org/maven2/io/netty/netty-codec-http/4.1.87.Final/netty-codec-http-4.1.87.Final-sources.jar
2023-03-02 19:10:33,556 [Worker-38: Download sources and javadoc] INFO  o.e.m.j.internal.DownloadSourcesJob - Downloaded sources for io.netty:netty-codec-http:4.1.87.Final
2023-03-02 19:10:33,683 [Worker-38: Download sources and javadoc] INFO  o.e.m.c.i.e.AbstractTransferListenerAdapter - Downloading https://repo.maven.apache.org/maven2/io/netty/netty-codec/4.1.87.Final/netty-codec-4.1.87.Final-sources.jar
2023-03-02 19:10:33,801 [Worker-38: Download sources and javadoc] INFO  o.e.m.c.i.e.AbstractTransferListenerAdapter - Downloaded https://repo.maven.apache.org/maven2/io/netty/netty-codec/4.1.87.Final/netty-codec-4.1.87.Final-sources.jar
2023-03-02 19:10:33,803 [Worker-38: Download sources and javadoc] INFO  o.e.m.j.internal.DownloadSourcesJob - Downloaded sources for io.netty:netty-codec:4.1.87.Final
2023-03-02 19:10:33,935 [Worker-38: Download sources and javadoc] INFO  o.e.m.c.i.e.AbstractTransferListenerAdapter - Downloading https://repo.maven.apache.org/maven2/io/netty/netty-handler/4.1.87.Final/netty-handler-4.1.87.Final-sources.jar
2023-03-02 19:10:34,059 [Worker-38: Download sources and javadoc] INFO  o.e.m.c.i.e.AbstractTransferListenerAdapter - Downloaded https://repo.maven.apache.org/maven2/io/netty/netty-handler/4.1.87.Final/netty-handler-4.1.87.Final-sources.jar
2023-03-02 19:10:34,060 [Worker-38: Download sources and javadoc] INFO  o.e.m.j.internal.DownloadSourcesJob - Downloaded sources for io.netty:netty-handler:4.1.87.Final
2023-03-02 19:10:34,174 [Worker-38: Download sources and javadoc] INFO  o.e.m.c.i.e.AbstractTransferListenerAdapter - Downloading https://repo.maven.apache.org/maven2/io/netty/netty-common/4.1.87.Final/netty-common-4.1.87.Final-sources.jar
2023-03-02 19:10:34,323 [Worker-38: Download sources and javadoc] INFO  o.e.m.c.i.e.AbstractTransferListenerAdapter - Downloaded https://repo.maven.apache.org/maven2/io/netty/netty-common/4.1.87.Final/netty-common-4.1.87.Final-sources.jar
2023-03-02 19:10:34,324 [Worker-38: Download sources and javadoc] INFO  o.e.m.j.internal.DownloadSourcesJob - Downloaded sources for io.netty:netty-common:4.1.87.Final
2023-03-02 19:10:34,460 [Worker-38: Download sources and javadoc] INFO  o.e.m.c.i.e.AbstractTransferListenerAdapter - Downloading https://repo.maven.apache.org/maven2/io/netty/netty-transport-classes-epoll/4.1.87.Final/netty-transport-classes-epoll-4.1.87.Final-sources.jar
2023-03-02 19:10:34,539 [Worker-38: Download sources and javadoc] INFO  o.e.m.c.i.e.AbstractTransferListenerAdapter - Downloaded https://repo.maven.apache.org/maven2/io/netty/netty-transport-classes-epoll/4.1.87.Final/netty-transport-classes-epoll-4.1.87.Final-sources.jar
2023-03-02 19:10:34,541 [Worker-38: Download sources and javadoc] INFO  o.e.m.j.internal.DownloadSourcesJob - Downloaded sources for io.netty:netty-transport-classes-epoll:4.1.87.Final
2023-03-02 19:10:34,662 [Worker-38: Download sources and javadoc] INFO  o.e.m.c.i.e.AbstractTransferListenerAdapter - Downloading https://repo.maven.apache.org/maven2/io/netty/netty-transport-classes-kqueue/4.1.87.Final/netty-transport-classes-kqueue-4.1.87.Final-sources.jar
2023-03-02 19:10:34,736 [Worker-38: Download sources and javadoc] INFO  o.e.m.c.i.e.AbstractTransferListenerAdapter - Downloaded https://repo.maven.apache.org/maven2/io/netty/netty-transport-classes-kqueue/4.1.87.Final/netty-transport-classes-kqueue-4.1.87.Final-sources.jar
2023-03-02 19:10:34,738 [Worker-38: Download sources and javadoc] INFO  o.e.m.j.internal.DownloadSourcesJob - Downloaded sources for io.netty:netty-transport-classes-kqueue:4.1.87.Final
2023-03-02 19:10:34,875 [Worker-38: Download sources and javadoc] INFO  o.e.m.c.i.e.AbstractTransferListenerAdapter - Downloading https://repo.maven.apache.org/maven2/io/netty/netty-transport-native-epoll/4.1.87.Final/netty-transport-native-epoll-4.1.87.Final-sources.jar
2023-03-02 19:10:34,933 [Worker-38: Download sources and javadoc] INFO  o.e.m.c.i.e.AbstractTransferListenerAdapter - Downloaded https://repo.maven.apache.org/maven2/io/netty/netty-transport-native-epoll/4.1.87.Final/netty-transport-native-epoll-4.1.87.Final-sources.jar
2023-03-02 19:10:34,934 [Worker-38: Download sources and javadoc] INFO  o.e.m.j.internal.DownloadSourcesJob - Downloaded sources for io.netty:netty-transport-native-epoll:4.1.87.Final
2023-03-02 19:10:35,061 [Worker-38: Download sources and javadoc] INFO  o.e.m.c.i.e.AbstractTransferListenerAdapter - Downloading https://repo.maven.apache.org/maven2/io/netty/netty-transport-native-kqueue/4.1.87.Final/netty-transport-native-kqueue-4.1.87.Final-sources.jar
2023-03-02 19:10:35,107 [Worker-38: Download sources and javadoc] INFO  o.e.m.c.i.e.AbstractTransferListenerAdapter - Downloaded https://repo.maven.apache.org/maven2/io/netty/netty-transport-native-kqueue/4.1.87.Final/netty-transport-native-kqueue-4.1.87.Final-sources.jar
2023-03-02 19:10:35,110 [Worker-38: Download sources and javadoc] INFO  o.e.m.j.internal.DownloadSourcesJob - Downloaded sources for io.netty:netty-transport-native-kqueue:4.1.87.Final
2023-03-02 19:10:35,235 [Worker-38: Download sources and javadoc] INFO  o.e.m.c.i.e.AbstractTransferListenerAdapter - Downloading https://repo.maven.apache.org/maven2/io/netty/netty-transport-native-unix-common/4.1.87.Final/netty-transport-native-unix-common-4.1.87.Final-sources.jar
2023-03-02 19:10:35,312 [Worker-38: Download sources and javadoc] INFO  o.e.m.c.i.e.AbstractTransferListenerAdapter - Downloaded https://repo.maven.apache.org/maven2/io/netty/netty-transport-native-unix-common/4.1.87.Final/netty-transport-native-unix-common-4.1.87.Final-sources.jar
2023-03-02 19:10:35,314 [Worker-38: Download sources and javadoc] INFO  o.e.m.j.internal.DownloadSourcesJob - Downloaded sources for io.netty:netty-transport-native-unix-common:4.1.87.Final
2023-03-02 19:10:35,463 [Worker-38: Download sources and javadoc] INFO  o.e.m.c.i.e.AbstractTransferListenerAdapter - Downloading https://repo.maven.apache.org/maven2/io/netty/netty-transport/4.1.87.Final/netty-transport-4.1.87.Final-sources.jar
2023-03-02 19:10:35,699 [Worker-38: Download sources and javadoc] INFO  o.e.m.c.i.e.AbstractTransferListenerAdapter - Downloaded https://repo.maven.apache.org/maven2/io/netty/netty-transport/4.1.87.Final/netty-transport-4.1.87.Final-sources.jar
2023-03-02 19:10:35,702 [Worker-38: Download sources and javadoc] INFO  o.e.m.j.internal.DownloadSourcesJob - Downloaded sources for io.netty:netty-transport:4.1.87.Final
2023-03-02 19:10:35,836 [Worker-38: Download sources and javadoc] INFO  o.e.m.c.i.e.AbstractTransferListenerAdapter - Downloading https://repo.maven.apache.org/maven2/io/netty/netty-resolver/4.1.87.Final/netty-resolver-4.1.87.Final-sources.jar
2023-03-02 19:10:35,898 [Worker-38: Download sources and javadoc] INFO  o.e.m.c.i.e.AbstractTransferListenerAdapter - Downloaded https://repo.maven.apache.org/maven2/io/netty/netty-resolver/4.1.87.Final/netty-resolver-4.1.87.Final-sources.jar
2023-03-02 19:10:35,899 [Worker-38: Download sources and javadoc] INFO  o.e.m.j.internal.DownloadSourcesJob - Downloaded sources for io.netty:netty-resolver:4.1.87.Final
2023-03-02 19:10:36,018 [Worker-38: Download sources and javadoc] INFO  o.e.m.c.i.e.AbstractTransferListenerAdapter - Downloading https://repo.maven.apache.org/maven2/io/opentelemetry/opentelemetry-api/1.22.0/opentelemetry-api-1.22.0-sources.jar
2023-03-02 19:10:36,110 [Worker-38: Download sources and javadoc] INFO  o.e.m.c.i.e.AbstractTransferListenerAdapter - Downloaded https://repo.maven.apache.org/maven2/io/opentelemetry/opentelemetry-api/1.22.0/opentelemetry-api-1.22.0-sources.jar
2023-03-02 19:10:36,112 [Worker-38: Download sources and javadoc] INFO  o.e.m.j.internal.DownloadSourcesJob - Downloaded sources for io.opentelemetry:opentelemetry-api:1.22.0
2023-03-02 19:10:36,241 [Worker-38: Download sources and javadoc] INFO  o.e.m.c.i.e.AbstractTransferListenerAdapter - Downloading https://repo.maven.apache.org/maven2/io/opentelemetry/opentelemetry-context/1.22.0/opentelemetry-context-1.22.0-sources.jar
2023-03-02 19:10:36,299 [Worker-38: Download sources and javadoc] INFO  o.e.m.c.i.e.AbstractTransferListenerAdapter - Downloaded https://repo.maven.apache.org/maven2/io/opentelemetry/opentelemetry-context/1.22.0/opentelemetry-context-1.22.0-sources.jar
2023-03-02 19:10:36,301 [Worker-38: Download sources and javadoc] INFO  o.e.m.j.internal.DownloadSourcesJob - Downloaded sources for io.opentelemetry:opentelemetry-context:1.22.0
2023-03-02 19:10:36,423 [Worker-38: Download sources and javadoc] INFO  o.e.m.c.i.e.AbstractTransferListenerAdapter - Downloading https://repo.maven.apache.org/maven2/io/opentelemetry/opentelemetry-exporter-logging/1.22.0/opentelemetry-exporter-logging-1.22.0-sources.jar
2023-03-02 19:10:36,479 [Worker-38: Download sources and javadoc] INFO  o.e.m.c.i.e.AbstractTransferListenerAdapter - Downloaded https://repo.maven.apache.org/maven2/io/opentelemetry/opentelemetry-exporter-logging/1.22.0/opentelemetry-exporter-logging-1.22.0-sources.jar
2023-03-02 19:10:36,481 [Worker-38: Download sources and javadoc] INFO  o.e.m.j.internal.DownloadSourcesJob - Downloaded sources for io.opentelemetry:opentelemetry-exporter-logging:1.22.0
2023-03-02 19:10:36,610 [Worker-38: Download sources and javadoc] INFO  o.e.m.c.i.e.AbstractTransferListenerAdapter - Downloading https://repo.maven.apache.org/maven2/io/opentelemetry/opentelemetry-sdk-metrics/1.22.0/opentelemetry-sdk-metrics-1.22.0-sources.jar
2023-03-02 19:10:36,700 [Worker-38: Download sources and javadoc] INFO  o.e.m.c.i.e.AbstractTransferListenerAdapter - Downloaded https://repo.maven.apache.org/maven2/io/opentelemetry/opentelemetry-sdk-metrics/1.22.0/opentelemetry-sdk-metrics-1.22.0-sources.jar
2023-03-02 19:10:36,702 [Worker-38: Download sources and javadoc] INFO  o.e.m.j.internal.DownloadSourcesJob - Downloaded sources for io.opentelemetry:opentelemetry-sdk-metrics:1.22.0
2023-03-02 19:10:36,831 [Worker-38: Download sources and javadoc] INFO  o.e.m.c.i.e.AbstractTransferListenerAdapter - Downloading https://repo.maven.apache.org/maven2/io/opentelemetry/opentelemetry-sdk-logs/1.22.0-alpha/opentelemetry-sdk-logs-1.22.0-alpha-sources.jar
2023-03-02 19:10:36,891 [Worker-38: Download sources and javadoc] INFO  o.e.m.c.i.e.AbstractTransferListenerAdapter - Downloaded https://repo.maven.apache.org/maven2/io/opentelemetry/opentelemetry-sdk-logs/1.22.0-alpha/opentelemetry-sdk-logs-1.22.0-alpha-sources.jar
2023-03-02 19:10:36,892 [Worker-38: Download sources and javadoc] INFO  o.e.m.j.internal.DownloadSourcesJob - Downloaded sources for io.opentelemetry:opentelemetry-sdk-logs:1.22.0-alpha
2023-03-02 19:10:37,092 [Worker-38: Download sources and javadoc] INFO  o.e.m.c.i.e.AbstractTransferListenerAdapter - Downloading https://repo.maven.apache.org/maven2/io/opentelemetry/opentelemetry-api-logs/1.22.0-alpha/opentelemetry-api-logs-1.22.0-alpha-sources.jar
2023-03-02 19:10:37,164 [Worker-38: Download sources and javadoc] INFO  o.e.m.c.i.e.AbstractTransferListenerAdapter - Downloaded https://repo.maven.apache.org/maven2/io/opentelemetry/opentelemetry-api-logs/1.22.0-alpha/opentelemetry-api-logs-1.22.0-alpha-sources.jar
2023-03-02 19:10:37,167 [Worker-38: Download sources and javadoc] INFO  o.e.m.j.internal.DownloadSourcesJob - Downloaded sources for io.opentelemetry:opentelemetry-api-logs:1.22.0-alpha
2023-03-02 19:10:37,290 [Worker-38: Download sources and javadoc] INFO  o.e.m.c.i.e.AbstractTransferListenerAdapter - Downloading https://repo.maven.apache.org/maven2/io/opentelemetry/opentelemetry-sdk-common/1.22.0/opentelemetry-sdk-common-1.22.0-sources.jar
2023-03-02 19:10:37,341 [Worker-38: Download sources and javadoc] INFO  o.e.m.c.i.e.AbstractTransferListenerAdapter - Downloaded https://repo.maven.apache.org/maven2/io/opentelemetry/opentelemetry-sdk-common/1.22.0/opentelemetry-sdk-common-1.22.0-sources.jar
2023-03-02 19:10:37,344 [Worker-38: Download sources and javadoc] INFO  o.e.m.j.internal.DownloadSourcesJob - Downloaded sources for io.opentelemetry:opentelemetry-sdk-common:1.22.0
2023-03-02 19:10:37,467 [Worker-38: Download sources and javadoc] INFO  o.e.m.c.i.e.AbstractTransferListenerAdapter - Downloading https://repo.maven.apache.org/maven2/io/opentelemetry/opentelemetry-sdk-extension-autoconfigure-spi/1.22.0/opentelemetry-sdk-extension-autoconfigure-spi-1.22.0-sources.jar
2023-03-02 19:10:37,519 [Worker-38: Download sources and javadoc] INFO  o.e.m.c.i.e.AbstractTransferListenerAdapter - Downloaded https://repo.maven.apache.org/maven2/io/opentelemetry/opentelemetry-sdk-extension-autoconfigure-spi/1.22.0/opentelemetry-sdk-extension-autoconfigure-spi-1.22.0-sources.jar
2023-03-02 19:10:37,522 [Worker-38: Download sources and javadoc] INFO  o.e.m.j.internal.DownloadSourcesJob - Downloaded sources for io.opentelemetry:opentelemetry-sdk-extension-autoconfigure-spi:1.22.0
2023-03-02 19:10:37,655 [Worker-38: Download sources and javadoc] INFO  o.e.m.c.i.e.AbstractTransferListenerAdapter - Downloading https://repo.maven.apache.org/maven2/io/opentelemetry/opentelemetry-sdk-extension-autoconfigure/1.22.0-alpha/opentelemetry-sdk-extension-autoconfigure-1.22.0-alpha-sources.jar
2023-03-02 19:10:37,710 [Worker-38: Download sources and javadoc] INFO  o.e.m.c.i.e.AbstractTransferListenerAdapter - Downloaded https://repo.maven.apache.org/maven2/io/opentelemetry/opentelemetry-sdk-extension-autoconfigure/1.22.0-alpha/opentelemetry-sdk-extension-autoconfigure-1.22.0-alpha-sources.jar
2023-03-02 19:10:37,712 [Worker-38: Download sources and javadoc] INFO  o.e.m.j.internal.DownloadSourcesJob - Downloaded sources for io.opentelemetry:opentelemetry-sdk-extension-autoconfigure:1.22.0-alpha
2023-03-02 19:10:37,842 [Worker-38: Download sources and javadoc] INFO  o.e.m.c.i.e.AbstractTransferListenerAdapter - Downloading https://repo.maven.apache.org/maven2/io/opentelemetry/opentelemetry-sdk-trace/1.22.0/opentelemetry-sdk-trace-1.22.0-sources.jar
2023-03-02 19:10:37,924 [Worker-38: Download sources and javadoc] INFO  o.e.m.c.i.e.AbstractTransferListenerAdapter - Downloaded https://repo.maven.apache.org/maven2/io/opentelemetry/opentelemetry-sdk-trace/1.22.0/opentelemetry-sdk-trace-1.22.0-sources.jar
2023-03-02 19:10:37,926 [Worker-38: Download sources and javadoc] INFO  o.e.m.j.internal.DownloadSourcesJob - Downloaded sources for io.opentelemetry:opentelemetry-sdk-trace:1.22.0
2023-03-02 19:10:38,040 [Worker-38: Download sources and javadoc] INFO  o.e.m.c.i.e.AbstractTransferListenerAdapter - Downloading https://repo.maven.apache.org/maven2/io/opentelemetry/opentelemetry-sdk/1.22.0/opentelemetry-sdk-1.22.0-sources.jar
2023-03-02 19:10:38,092 [Worker-38: Download sources and javadoc] INFO  o.e.m.c.i.e.AbstractTransferListenerAdapter - Downloaded https://repo.maven.apache.org/maven2/io/opentelemetry/opentelemetry-sdk/1.22.0/opentelemetry-sdk-1.22.0-sources.jar
2023-03-02 19:10:38,095 [Worker-38: Download sources and javadoc] INFO  o.e.m.j.internal.DownloadSourcesJob - Downloaded sources for io.opentelemetry:opentelemetry-sdk:1.22.0
2023-03-02 19:10:38,223 [Worker-38: Download sources and javadoc] INFO  o.e.m.c.i.e.AbstractTransferListenerAdapter - Downloading https://repo.maven.apache.org/maven2/io/opentelemetry/opentelemetry-semconv/1.22.0-alpha/opentelemetry-semconv-1.22.0-alpha-sources.jar
2023-03-02 19:10:38,277 [Worker-38: Download sources and javadoc] INFO  o.e.m.c.i.e.AbstractTransferListenerAdapter - Downloaded https://repo.maven.apache.org/maven2/io/opentelemetry/opentelemetry-semconv/1.22.0-alpha/opentelemetry-semconv-1.22.0-alpha-sources.jar
2023-03-02 19:10:38,280 [Worker-38: Download sources and javadoc] INFO  o.e.m.j.internal.DownloadSourcesJob - Downloaded sources for io.opentelemetry:opentelemetry-semconv:1.22.0-alpha
2023-03-02 19:10:38,403 [Worker-38: Download sources and javadoc] INFO  o.e.m.c.i.e.AbstractTransferListenerAdapter - Downloading https://repo.maven.apache.org/maven2/io/ous/jtoml/2.0.0/jtoml-2.0.0-sources.jar
2023-03-02 19:10:38,470 [Worker-38: Download sources and javadoc] INFO  o.e.m.c.i.e.AbstractTransferListenerAdapter - Downloaded https://repo.maven.apache.org/maven2/io/ous/jtoml/2.0.0/jtoml-2.0.0-sources.jar
2023-03-02 19:10:38,473 [Worker-38: Download sources and javadoc] INFO  o.e.m.j.internal.DownloadSourcesJob - Downloaded sources for io.ous:jtoml:2.0.0
2023-03-02 19:10:38,606 [Worker-38: Download sources and javadoc] INFO  o.e.m.c.i.e.AbstractTransferListenerAdapter - Downloading https://repo.maven.apache.org/maven2/net/bytebuddy/byte-buddy/1.12.22/byte-buddy-1.12.22-sources.jar
2023-03-02 19:10:38,798 [Worker-38: Download sources and javadoc] INFO  o.e.m.c.i.e.AbstractTransferListenerAdapter - Downloaded https://repo.maven.apache.org/maven2/net/bytebuddy/byte-buddy/1.12.22/byte-buddy-1.12.22-sources.jar
2023-03-02 19:10:38,799 [Worker-38: Download sources and javadoc] INFO  o.e.m.j.internal.DownloadSourcesJob - Downloaded sources for net.bytebuddy:byte-buddy:1.12.22
2023-03-02 19:10:38,929 [Worker-38: Download sources and javadoc] INFO  o.e.m.c.i.e.AbstractTransferListenerAdapter - Downloading https://repo.maven.apache.org/maven2/org/apache/commons/commons-exec/1.3/commons-exec-1.3-sources.jar
2023-03-02 19:10:38,991 [Worker-38: Download sources and javadoc] INFO  o.e.m.c.i.e.AbstractTransferListenerAdapter - Downloaded https://repo.maven.apache.org/maven2/org/apache/commons/commons-exec/1.3/commons-exec-1.3-sources.jar
2023-03-02 19:10:38,992 [Worker-38: Download sources and javadoc] INFO  o.e.m.j.internal.DownloadSourcesJob - Downloaded sources for org.apache.commons:commons-exec:1.3
2023-03-02 19:10:39,192 [Worker-38: Download sources and javadoc] INFO  o.e.m.c.i.e.AbstractTransferListenerAdapter - Downloading https://repo.maven.apache.org/maven2/org/asynchttpclient/async-http-client/2.12.3/async-http-client-2.12.3-sources.jar
2023-03-02 19:10:39,332 [Worker-38: Download sources and javadoc] INFO  o.e.m.c.i.e.AbstractTransferListenerAdapter - Downloaded https://repo.maven.apache.org/maven2/org/asynchttpclient/async-http-client/2.12.3/async-http-client-2.12.3-sources.jar
2023-03-02 19:10:39,334 [Worker-38: Download sources and javadoc] INFO  o.e.m.j.internal.DownloadSourcesJob - Downloaded sources for org.asynchttpclient:async-http-client:2.12.3
2023-03-02 19:10:39,465 [Worker-38: Download sources and javadoc] INFO  o.e.m.c.i.e.AbstractTransferListenerAdapter - Downloading https://repo.maven.apache.org/maven2/org/asynchttpclient/async-http-client-netty-utils/2.12.3/async-http-client-netty-utils-2.12.3-sources.jar
2023-03-02 19:10:39,526 [Worker-38: Download sources and javadoc] INFO  o.e.m.c.i.e.AbstractTransferListenerAdapter - Downloaded https://repo.maven.apache.org/maven2/org/asynchttpclient/async-http-client-netty-utils/2.12.3/async-http-client-netty-utils-2.12.3-sources.jar
2023-03-02 19:10:39,529 [Worker-38: Download sources and javadoc] INFO  o.e.m.j.internal.DownloadSourcesJob - Downloaded sources for org.asynchttpclient:async-http-client-netty-utils:2.12.3
2023-03-02 19:10:39,655 [Worker-38: Download sources and javadoc] INFO  o.e.m.c.i.e.AbstractTransferListenerAdapter - Downloading https://repo.maven.apache.org/maven2/io/netty/netty-codec-socks/4.1.60.Final/netty-codec-socks-4.1.60.Final-sources.jar
2023-03-02 19:10:39,725 [Worker-38: Download sources and javadoc] INFO  o.e.m.c.i.e.AbstractTransferListenerAdapter - Downloaded https://repo.maven.apache.org/maven2/io/netty/netty-codec-socks/4.1.60.Final/netty-codec-socks-4.1.60.Final-sources.jar
2023-03-02 19:10:39,727 [Worker-38: Download sources and javadoc] INFO  o.e.m.j.internal.DownloadSourcesJob - Downloaded sources for io.netty:netty-codec-socks:4.1.60.Final
2023-03-02 19:10:39,854 [Worker-38: Download sources and javadoc] INFO  o.e.m.c.i.e.AbstractTransferListenerAdapter - Downloading https://repo.maven.apache.org/maven2/io/netty/netty-handler-proxy/4.1.60.Final/netty-handler-proxy-4.1.60.Final-sources.jar
2023-03-02 19:10:39,911 [Worker-38: Download sources and javadoc] INFO  o.e.m.c.i.e.AbstractTransferListenerAdapter - Downloaded https://repo.maven.apache.org/maven2/io/netty/netty-handler-proxy/4.1.60.Final/netty-handler-proxy-4.1.60.Final-sources.jar
2023-03-02 19:10:39,914 [Worker-38: Download sources and javadoc] INFO  o.e.m.j.internal.DownloadSourcesJob - Downloaded sources for io.netty:netty-handler-proxy:4.1.60.Final
2023-03-02 19:10:40,046 [Worker-38: Download sources and javadoc] INFO  o.e.m.c.i.e.AbstractTransferListenerAdapter - Downloading https://repo.maven.apache.org/maven2/io/netty/netty-transport-native-epoll/4.1.60.Final/netty-transport-native-epoll-4.1.60.Final-sources.jar
2023-03-02 19:10:40,137 [Worker-38: Download sources and javadoc] INFO  o.e.m.c.i.e.AbstractTransferListenerAdapter - Downloaded https://repo.maven.apache.org/maven2/io/netty/netty-transport-native-epoll/4.1.60.Final/netty-transport-native-epoll-4.1.60.Final-sources.jar
2023-03-02 19:10:40,140 [Worker-38: Download sources and javadoc] INFO  o.e.m.j.internal.DownloadSourcesJob - Downloaded sources for io.netty:netty-transport-native-epoll:4.1.60.Finallinux-x86_64
2023-03-02 19:10:40,268 [Worker-38: Download sources and javadoc] INFO  o.e.m.c.i.e.AbstractTransferListenerAdapter - Downloading https://repo.maven.apache.org/maven2/io/netty/netty-transport-native-kqueue/4.1.60.Final/netty-transport-native-kqueue-4.1.60.Final-sources.jar
2023-03-02 19:10:40,333 [Worker-38: Download sources and javadoc] INFO  o.e.m.c.i.e.AbstractTransferListenerAdapter - Downloaded https://repo.maven.apache.org/maven2/io/netty/netty-transport-native-kqueue/4.1.60.Final/netty-transport-native-kqueue-4.1.60.Final-sources.jar
2023-03-02 19:10:40,335 [Worker-38: Download sources and javadoc] INFO  o.e.m.j.internal.DownloadSourcesJob - Downloaded sources for io.netty:netty-transport-native-kqueue:4.1.60.Finalosx-x86_64
2023-03-02 19:10:40,468 [Worker-38: Download sources and javadoc] INFO  o.e.m.c.i.e.AbstractTransferListenerAdapter - Downloading https://repo.maven.apache.org/maven2/org/reactivestreams/reactive-streams/1.0.3/reactive-streams-1.0.3-sources.jar
2023-03-02 19:10:40,521 [Worker-38: Download sources and javadoc] INFO  o.e.m.c.i.e.AbstractTransferListenerAdapter - Downloaded https://repo.maven.apache.org/maven2/org/reactivestreams/reactive-streams/1.0.3/reactive-streams-1.0.3-sources.jar
2023-03-02 19:10:40,524 [Worker-38: Download sources and javadoc] INFO  o.e.m.j.internal.DownloadSourcesJob - Downloaded sources for org.reactivestreams:reactive-streams:1.0.3
2023-03-02 19:10:40,660 [Worker-38: Download sources and javadoc] INFO  o.e.m.c.i.e.AbstractTransferListenerAdapter - Downloading https://repo.maven.apache.org/maven2/com/typesafe/netty/netty-reactive-streams/2.0.4/netty-reactive-streams-2.0.4-sources.jar
2023-03-02 19:10:40,717 [Worker-38: Download sources and javadoc] INFO  o.e.m.c.i.e.AbstractTransferListenerAdapter - Downloaded https://repo.maven.apache.org/maven2/com/typesafe/netty/netty-reactive-streams/2.0.4/netty-reactive-streams-2.0.4-sources.jar
2023-03-02 19:10:40,720 [Worker-38: Download sources and javadoc] INFO  o.e.m.j.internal.DownloadSourcesJob - Downloaded sources for com.typesafe.netty:netty-reactive-streams:2.0.4
2023-03-02 19:10:40,844 [Worker-38: Download sources and javadoc] INFO  o.e.m.c.i.e.AbstractTransferListenerAdapter - Downloading https://repo.maven.apache.org/maven2/org/slf4j/slf4j-api/1.7.30/slf4j-api-1.7.30-sources.jar
2023-03-02 19:10:40,911 [Worker-38: Download sources and javadoc] INFO  o.e.m.c.i.e.AbstractTransferListenerAdapter - Downloaded https://repo.maven.apache.org/maven2/org/slf4j/slf4j-api/1.7.30/slf4j-api-1.7.30-sources.jar
2023-03-02 19:10:40,913 [Worker-38: Download sources and javadoc] INFO  o.e.m.j.internal.DownloadSourcesJob - Downloaded sources for org.slf4j:slf4j-api:1.7.30
2023-03-02 19:10:41,039 [Worker-38: Download sources and javadoc] INFO  o.e.m.c.i.e.AbstractTransferListenerAdapter - Downloading https://repo.maven.apache.org/maven2/com/sun/activation/jakarta.activation/1.2.2/jakarta.activation-1.2.2-sources.jar
2023-03-02 19:10:41,107 [Worker-38: Download sources and javadoc] INFO  o.e.m.c.i.e.AbstractTransferListenerAdapter - Downloaded https://repo.maven.apache.org/maven2/com/sun/activation/jakarta.activation/1.2.2/jakarta.activation-1.2.2-sources.jar
2023-03-02 19:10:41,109 [Worker-38: Download sources and javadoc] INFO  o.e.m.j.internal.DownloadSourcesJob - Downloaded sources for com.sun.activation:jakarta.activation:1.2.2
2023-03-02 19:10:41,238 [Worker-38: Download sources and javadoc] INFO  o.e.m.c.i.e.AbstractTransferListenerAdapter - Downloading https://repo.maven.apache.org/maven2/org/seleniumhq/selenium/selenium-api/4.8.1/selenium-api-4.8.1-sources.jar
2023-03-02 19:10:41,338 [Worker-38: Download sources and javadoc] INFO  o.e.m.c.i.e.AbstractTransferListenerAdapter - Downloaded https://repo.maven.apache.org/maven2/org/seleniumhq/selenium/selenium-api/4.8.1/selenium-api-4.8.1-sources.jar
2023-03-02 19:10:41,341 [Worker-38: Download sources and javadoc] INFO  o.e.m.j.internal.DownloadSourcesJob - Downloaded sources for org.seleniumhq.selenium:selenium-api:4.8.1
2023-03-02 19:10:41,467 [Worker-38: Download sources and javadoc] INFO  o.e.m.c.i.e.AbstractTransferListenerAdapter - Downloading https://repo.maven.apache.org/maven2/org/seleniumhq/selenium/selenium-http/4.8.1/selenium-http-4.8.1-sources.jar
2023-03-02 19:10:41,531 [Worker-38: Download sources and javadoc] INFO  o.e.m.c.i.e.AbstractTransferListenerAdapter - Downloaded https://repo.maven.apache.org/maven2/org/seleniumhq/selenium/selenium-http/4.8.1/selenium-http-4.8.1-sources.jar
2023-03-02 19:10:41,534 [Worker-38: Download sources and javadoc] INFO  o.e.m.j.internal.DownloadSourcesJob - Downloaded sources for org.seleniumhq.selenium:selenium-http:4.8.1
2023-03-02 19:10:41,660 [Worker-38: Download sources and javadoc] INFO  o.e.m.c.i.e.AbstractTransferListenerAdapter - Downloading https://repo.maven.apache.org/maven2/dev/failsafe/failsafe/3.3.0/failsafe-3.3.0-sources.jar
2023-03-02 19:10:41,815 [Worker-38: Download sources and javadoc] INFO  o.e.m.c.i.e.AbstractTransferListenerAdapter - Downloaded https://repo.maven.apache.org/maven2/dev/failsafe/failsafe/3.3.0/failsafe-3.3.0-sources.jar
2023-03-02 19:10:41,817 [Worker-38: Download sources and javadoc] INFO  o.e.m.j.internal.DownloadSourcesJob - Downloaded sources for dev.failsafe:failsafe:3.3.0
2023-03-02 19:10:41,944 [Worker-38: Download sources and javadoc] INFO  o.e.m.c.i.e.AbstractTransferListenerAdapter - Downloading https://repo.maven.apache.org/maven2/org/seleniumhq/selenium/selenium-json/4.8.1/selenium-json-4.8.1-sources.jar
2023-03-02 19:10:41,995 [Worker-38: Download sources and javadoc] INFO  o.e.m.c.i.e.AbstractTransferListenerAdapter - Downloaded https://repo.maven.apache.org/maven2/org/seleniumhq/selenium/selenium-json/4.8.1/selenium-json-4.8.1-sources.jar
2023-03-02 19:10:41,996 [Worker-38: Download sources and javadoc] INFO  o.e.m.j.internal.DownloadSourcesJob - Downloaded sources for org.seleniumhq.selenium:selenium-json:4.8.1
2023-03-02 19:10:42,109 [Worker-38: Download sources and javadoc] INFO  o.e.m.c.i.e.AbstractTransferListenerAdapter - Downloading https://repo.maven.apache.org/maven2/org/seleniumhq/selenium/selenium-manager/4.8.1/selenium-manager-4.8.1-sources.jar
2023-03-02 19:10:42,161 [Worker-38: Download sources and javadoc] INFO  o.e.m.c.i.e.AbstractTransferListenerAdapter - Downloaded https://repo.maven.apache.org/maven2/org/seleniumhq/selenium/selenium-manager/4.8.1/selenium-manager-4.8.1-sources.jar
2023-03-02 19:10:42,163 [Worker-38: Download sources and javadoc] INFO  o.e.m.j.internal.DownloadSourcesJob - Downloaded sources for org.seleniumhq.selenium:selenium-manager:4.8.1
2023-03-02 19:10:42,325 [Worker-38: Building] INFO  o.e.m.c.i.embedder.EclipseLogger - Using 'UTF-8' encoding to copy filtered resources.
2023-03-02 19:10:42,325 [Worker-38: Building] INFO  o.e.m.c.i.embedder.EclipseLogger - skip non existing resourceDirectory /Users/princearthur/eclipse-workspace/learningJava/learningJava/selenium2nd/Selenium/Tutorial_a_selenium_project/src/main/resources
2023-03-02 19:10:42,327 [Worker-38: Building] INFO  o.e.m.c.i.embedder.EclipseLogger - Using 'UTF-8' encoding to copy filtered resources.
2023-03-02 19:10:42,327 [Worker-38: Building] INFO  o.e.m.c.i.embedder.EclipseLogger - skip non existing resourceDirectory /Users/princearthur/eclipse-workspace/learningJava/learningJava/selenium2nd/Selenium/Tutorial_a_selenium_project/src/test/resources
2023-03-02 19:11:22,734 [Worker-37: Launching Executing test in _Users_princearthur_eclipse-workspace_learningJava_learningJava_selenium2nd_Selenium_Tutorial_a_selenium_project] INFO  o.e.m.i.launch.MavenLaunchDelegate - Run build in "/Users/princearthur/eclipse-workspace/learningJava/learningJava/selenium2nd/Selenium/Tutorial_a_selenium_project":
2023-03-02 19:11:22,735 [Worker-37: Launching Executing test in _Users_princearthur_eclipse-workspace_learningJava_learningJava_selenium2nd_Selenium_Tutorial_a_selenium_project] INFO  o.e.m.i.launch.MavenLaunchDelegate -  mvn  -B -Dstyle.color=always test
2023-03-02 19:11:25,106 [Worker-40: Building] INFO  o.e.m.c.i.embedder.EclipseLogger - Using 'UTF-8' encoding to copy filtered resources.
2023-03-02 19:11:25,106 [Worker-40: Building] INFO  o.e.m.c.i.embedder.EclipseLogger - skip non existing resourceDirectory /Users/princearthur/eclipse-workspace/learningJava/learningJava/selenium2nd/Selenium/Tutorial_a_selenium_project/src/main/resources
2023-03-02 19:11:25,108 [Worker-40: Building] INFO  o.e.m.c.i.embedder.EclipseLogger - Using 'UTF-8' encoding to copy filtered resources.
2023-03-02 19:11:25,108 [Worker-40: Building] INFO  o.e.m.c.i.embedder.EclipseLogger - skip non existing resourceDirectory /Users/princearthur/eclipse-workspace/learningJava/learningJava/selenium2nd/Selenium/Tutorial_a_selenium_project/src/test/resources
2023-03-02 19:12:34,695 [main] INFO  o.e.m2e.actions.ExecutePomAction - Using existing launch configuration
2023-03-02 19:12:38,087 [Worker-40: Launching Tutorial_a_selenium_project] INFO  o.e.m.i.launch.MavenLaunchDelegate - Run build in "/Users/princearthur/eclipse-workspace/learningJava/learningJava/selenium2nd/Selenium/Tutorial_a_selenium_project":
2023-03-02 19:12:38,087 [Worker-40: Launching Tutorial_a_selenium_project] INFO  o.e.m.i.launch.MavenLaunchDelegate -  mvn  -B -Dstyle.color=always 
2023-03-02 19:12:38,399 [Worker-40: Building] INFO  o.e.m.c.i.l.LifecycleMappingFactory - Using org.eclipse.m2e.jdt.JarLifecycleMapping lifecycle mapping for MavenProject: Tutorial:Tutorial_a_selenium_project:0.0.1-SNAPSHOT @ /Users/princearthur/eclipse-workspace/learningJava/learningJava/selenium2nd/Selenium/Tutorial_a_selenium_project/pom.xml.
2023-03-02 19:12:38,480 [Worker-40: Building] INFO  o.e.m.c.i.embedder.EclipseLogger - Using 'UTF-8' encoding to copy filtered resources.
2023-03-02 19:12:38,480 [Worker-40: Building] INFO  o.e.m.c.i.embedder.EclipseLogger - skip non existing resourceDirectory /Users/princearthur/eclipse-workspace/learningJava/learningJava/selenium2nd/Selenium/Tutorial_a_selenium_project/src/main/resources
2023-03-02 19:12:38,482 [Worker-40: Building] INFO  o.e.m.c.i.embedder.EclipseLogger - Using 'UTF-8' encoding to copy filtered resources.
2023-03-02 19:12:38,482 [Worker-40: Building] INFO  o.e.m.c.i.embedder.EclipseLogger - skip non existing resourceDirectory /Users/princearthur/eclipse-workspace/learningJava/learningJava/selenium2nd/Selenium/Tutorial_a_selenium_project/src/test/resources
2023-03-02 19:12:39,645 [Worker-39: Building] INFO  o.e.m.c.i.embedder.EclipseLogger - Using 'UTF-8' encoding to copy filtered resources.
2023-03-02 19:12:39,645 [Worker-39: Building] INFO  o.e.m.c.i.embedder.EclipseLogger - skip non existing resourceDirectory /Users/princearthur/eclipse-workspace/learningJava/learningJava/selenium2nd/Selenium/Tutorial_a_selenium_project/src/main/resources
2023-03-02 19:12:39,647 [Worker-39: Building] INFO  o.e.m.c.i.embedder.EclipseLogger - Using 'UTF-8' encoding to copy filtered resources.
2023-03-02 19:12:39,647 [Worker-39: Building] INFO  o.e.m.c.i.embedder.EclipseLogger - skip non existing resourceDirectory /Users/princearthur/eclipse-workspace/learningJava/learningJava/selenium2nd/Selenium/Tutorial_a_selenium_project/src/test/resources
2023-03-02 19:13:11,169 [main] INFO  o.e.m2e.actions.ExecutePomAction - Using existing launch configuration
2023-03-02 19:13:13,990 [Worker-43: Launching Tutorial_a_selenium_project] INFO  o.e.m.i.launch.MavenLaunchDelegate - Run build in "/Users/princearthur/eclipse-workspace/learningJava/learningJava/selenium2nd/Selenium/Tutorial_a_selenium_project":
2023-03-02 19:13:13,990 [Worker-43: Launching Tutorial_a_selenium_project] INFO  o.e.m.i.launch.MavenLaunchDelegate -  mvn  -B -Dstyle.color=always 
2023-03-02 19:17:47,310 [Worker-45: Building] INFO  o.e.m.c.i.embedder.EclipseLogger - Using 'UTF-8' encoding to copy filtered resources.
2023-03-02 19:17:47,311 [Worker-45: Building] INFO  o.e.m.c.i.embedder.EclipseLogger - skip non existing resourceDirectory /Users/princearthur/eclipse-workspace/learningJava/learningJava/selenium2nd/Selenium/Tutorial_a_selenium_project/src/main/resources
2023-03-02 19:17:47,312 [Worker-45: Building] INFO  o.e.m.c.i.embedder.EclipseLogger - Using 'UTF-8' encoding to copy filtered resources.
2023-03-02 19:17:47,312 [Worker-45: Building] INFO  o.e.m.c.i.embedder.EclipseLogger - skip non existing resourceDirectory /Users/princearthur/eclipse-workspace/learningJava/learningJava/selenium2nd/Selenium/Tutorial_a_selenium_project/src/test/resources
2023-03-02 19:28:08,247 [Worker-50: Building] INFO  o.e.m.c.i.embedder.EclipseLogger - Using 'UTF-8' encoding to copy filtered resources.
2023-03-02 19:28:08,249 [Worker-50: Building] INFO  o.e.m.c.i.embedder.EclipseLogger - skip non existing resourceDirectory /Users/princearthur/eclipse-workspace/learningJava/learningJava/selenium2nd/Selenium/Tutorial_a_selenium_project/src/main/resources
2023-03-02 19:28:08,251 [Worker-50: Building] INFO  o.e.m.c.i.embedder.EclipseLogger - Using 'UTF-8' encoding to copy filtered resources.
2023-03-02 19:28:08,251 [Worker-50: Building] INFO  o.e.m.c.i.embedder.EclipseLogger - skip non existing resourceDirectory /Users/princearthur/eclipse-workspace/learningJava/learningJava/selenium2nd/Selenium/Tutorial_a_selenium_project/src/test/resources
2023-03-02 19:29:08,382 [Worker-51: Launching AppTest] INFO  o.e.m.c.i.l.LifecycleMappingFactory - Using org.eclipse.m2e.jdt.JarLifecycleMapping lifecycle mapping for MavenProject: Tutorial:Tutorial_a_selenium_project:0.0.1-SNAPSHOT @ /Users/princearthur/eclipse-workspace/learningJava/learningJava/selenium2nd/Selenium/Tutorial_a_selenium_project/pom.xml.
2023-03-02 19:29:08,790 [Worker-51: Launching AppTest] INFO  o.e.m.c.i.embedder.EclipseLogger - Using 'UTF-8' encoding to copy filtered resources.
2023-03-02 19:29:08,790 [Worker-51: Launching AppTest] INFO  o.e.m.c.i.embedder.EclipseLogger - skip non existing resourceDirectory /Users/princearthur/eclipse-workspace/learningJava/learningJava/selenium2nd/Selenium/Tutorial_a_selenium_project/src/main/resources
2023-03-02 19:29:08,793 [Worker-51: Launching AppTest] INFO  o.e.m.c.i.embedder.EclipseLogger - Using 'UTF-8' encoding to copy filtered resources.
2023-03-02 19:29:08,793 [Worker-51: Launching AppTest] INFO  o.e.m.c.i.embedder.EclipseLogger - skip non existing resourceDirectory /Users/princearthur/eclipse-workspace/learningJava/learningJava/selenium2nd/Selenium/Tutorial_a_selenium_project/src/test/resources
2023-03-02 19:29:09,095 [Worker-48: Building] INFO  o.e.m.c.i.embedder.EclipseLogger - Using 'UTF-8' encoding to copy filtered resources.
2023-03-02 19:29:09,095 [Worker-48: Building] INFO  o.e.m.c.i.embedder.EclipseLogger - skip non existing resourceDirectory /Users/princearthur/eclipse-workspace/learningJava/learningJava/selenium2nd/Selenium/Tutorial_a_selenium_project/src/main/resources
2023-03-02 19:29:09,097 [Worker-48: Building] INFO  o.e.m.c.i.embedder.EclipseLogger - Using 'UTF-8' encoding to copy filtered resources.
2023-03-02 19:29:09,097 [Worker-48: Building] INFO  o.e.m.c.i.embedder.EclipseLogger - skip non existing resourceDirectory /Users/princearthur/eclipse-workspace/learningJava/learningJava/selenium2nd/Selenium/Tutorial_a_selenium_project/src/test/resources
2023-03-02 19:29:09,853 [Worker-52: Download sources and javadoc] INFO  o.e.m.c.i.e.AbstractTransferListenerAdapter - Downloading https://repo.maven.apache.org/maven2/org/seleniumhq/selenium/selenium-chrome-driver/4.8.0/selenium-chrome-driver-4.8.0-sources.jar
2023-03-02 19:29:09,906 [Worker-52: Download sources and javadoc] INFO  o.e.m.c.i.e.AbstractTransferListenerAdapter - Downloaded https://repo.maven.apache.org/maven2/org/seleniumhq/selenium/selenium-chrome-driver/4.8.0/selenium-chrome-driver-4.8.0-sources.jar
2023-03-02 19:29:09,908 [Worker-52: Download sources and javadoc] INFO  o.e.m.j.internal.DownloadSourcesJob - Downloaded sources for org.seleniumhq.selenium:selenium-chrome-driver:4.8.0
2023-03-02 19:29:10,014 [Worker-52: Download sources and javadoc] INFO  o.e.m.c.i.e.AbstractTransferListenerAdapter - Downloaded https://repo.maven.apache.org/maven2/com/google/guava/listenablefuture/9999.0-empty-to-avoid-conflict-with-guava/listenablefuture-9999.0-empty-to-avoid-conflict-with-guava-javadoc.jar
2023-03-02 19:29:10,017 [Worker-52: Download sources and javadoc] ERROR o.e.m.j.internal.DownloadSourcesJob - Could not download javadoc for com.google.guava:listenablefuture:9999.0-empty-to-avoid-conflict-with-guava
org.eclipse.core.runtime.CoreException: Could not resolve artifact com.google.guava:listenablefuture:jar:javadoc:9999.0-empty-to-avoid-conflict-with-guava
	at org.eclipse.m2e.core.internal.embedder.MavenImpl.lambda$6(MavenImpl.java:587)
	at org.eclipse.m2e.core.internal.embedder.MavenExecutionContext.executeBare(MavenExecutionContext.java:364)
	at org.eclipse.m2e.core.internal.embedder.MavenExecutionContext.execute(MavenExecutionContext.java:227)
	at org.eclipse.m2e.core.internal.embedder.MavenExecutionContext.execute(MavenExecutionContext.java:213)
	at org.eclipse.m2e.core.internal.embedder.MavenImpl.resolve(MavenImpl.java:556)
	at org.eclipse.m2e.core.internal.embedder.MavenImpl.resolve(MavenImpl.java:541)
	at org.eclipse.m2e.jdt.internal.DownloadSourcesJob.download(DownloadSourcesJob.java:308)
	at org.eclipse.m2e.jdt.internal.DownloadSourcesJob.downloadAttachments(DownloadSourcesJob.java:294)
	at org.eclipse.m2e.jdt.internal.DownloadSourcesJob.downloadMaven(DownloadSourcesJob.java:252)
	at org.eclipse.m2e.jdt.internal.DownloadSourcesJob.downloadFilesAndPopulateToUpdate(DownloadSourcesJob.java:220)
	at org.eclipse.m2e.jdt.internal.DownloadSourcesJob.lambda$0(DownloadSourcesJob.java:149)
	at org.eclipse.m2e.core.internal.embedder.MavenExecutionContext.executeBare(MavenExecutionContext.java:364)
	at org.eclipse.m2e.core.internal.embedder.MavenExecutionContext.execute(MavenExecutionContext.java:274)
	at org.eclipse.m2e.core.internal.embedder.MavenExecutionContext.execute(MavenExecutionContext.java:213)
	at org.eclipse.m2e.core.embedder.IMaven.execute(IMaven.java:294)
	at org.eclipse.m2e.jdt.internal.DownloadSourcesJob.run(DownloadSourcesJob.java:149)
	at org.eclipse.core.internal.jobs.Worker.run(Worker.java:63)
2023-03-02 19:29:10,127 [Worker-52: Download sources and javadoc] INFO  o.e.m.c.i.e.AbstractTransferListenerAdapter - Downloading https://repo.maven.apache.org/maven2/org/seleniumhq/selenium/selenium-api/4.8.0/selenium-api-4.8.0-sources.jar
2023-03-02 19:29:10,310 [Worker-52: Download sources and javadoc] INFO  o.e.m.c.i.e.AbstractTransferListenerAdapter - Downloaded https://repo.maven.apache.org/maven2/org/seleniumhq/selenium/selenium-api/4.8.0/selenium-api-4.8.0-sources.jar
2023-03-02 19:29:10,312 [Worker-52: Download sources and javadoc] INFO  o.e.m.j.internal.DownloadSourcesJob - Downloaded sources for org.seleniumhq.selenium:selenium-api:4.8.0
2023-03-02 19:29:10,480 [Worker-52: Download sources and javadoc] INFO  o.e.m.c.i.e.AbstractTransferListenerAdapter - Downloading https://repo.maven.apache.org/maven2/org/seleniumhq/selenium/selenium-chromium-driver/4.8.0/selenium-chromium-driver-4.8.0-sources.jar
2023-03-02 19:29:10,538 [Worker-52: Download sources and javadoc] INFO  o.e.m.c.i.e.AbstractTransferListenerAdapter - Downloaded https://repo.maven.apache.org/maven2/org/seleniumhq/selenium/selenium-chromium-driver/4.8.0/selenium-chromium-driver-4.8.0-sources.jar
2023-03-02 19:29:10,539 [Worker-52: Download sources and javadoc] INFO  o.e.m.j.internal.DownloadSourcesJob - Downloaded sources for org.seleniumhq.selenium:selenium-chromium-driver:4.8.0
2023-03-02 19:29:10,663 [Worker-52: Download sources and javadoc] INFO  o.e.m.c.i.e.AbstractTransferListenerAdapter - Downloading https://repo.maven.apache.org/maven2/org/seleniumhq/selenium/selenium-json/4.8.0/selenium-json-4.8.0-sources.jar
2023-03-02 19:29:10,716 [Worker-52: Download sources and javadoc] INFO  o.e.m.c.i.e.AbstractTransferListenerAdapter - Downloaded https://repo.maven.apache.org/maven2/org/seleniumhq/selenium/selenium-json/4.8.0/selenium-json-4.8.0-sources.jar
2023-03-02 19:29:10,717 [Worker-52: Download sources and javadoc] INFO  o.e.m.j.internal.DownloadSourcesJob - Downloaded sources for org.seleniumhq.selenium:selenium-json:4.8.0
2023-03-02 19:29:10,840 [Worker-52: Download sources and javadoc] INFO  o.e.m.c.i.e.AbstractTransferListenerAdapter - Downloading https://repo.maven.apache.org/maven2/org/seleniumhq/selenium/selenium-remote-driver/4.8.0/selenium-remote-driver-4.8.0-sources.jar
2023-03-02 19:29:10,995 [Worker-52: Download sources and javadoc] INFO  o.e.m.c.i.e.AbstractTransferListenerAdapter - Downloaded https://repo.maven.apache.org/maven2/org/seleniumhq/selenium/selenium-remote-driver/4.8.0/selenium-remote-driver-4.8.0-sources.jar
2023-03-02 19:29:10,996 [Worker-52: Download sources and javadoc] INFO  o.e.m.j.internal.DownloadSourcesJob - Downloaded sources for org.seleniumhq.selenium:selenium-remote-driver:4.8.0
2023-03-02 19:29:11,110 [Worker-52: Download sources and javadoc] INFO  o.e.m.c.i.e.AbstractTransferListenerAdapter - Downloading https://repo.maven.apache.org/maven2/org/seleniumhq/selenium/selenium-http/4.8.0/selenium-http-4.8.0-sources.jar
2023-03-02 19:29:11,184 [Worker-52: Download sources and javadoc] INFO  o.e.m.c.i.e.AbstractTransferListenerAdapter - Downloaded https://repo.maven.apache.org/maven2/org/seleniumhq/selenium/selenium-http/4.8.0/selenium-http-4.8.0-sources.jar
2023-03-02 19:29:11,185 [Worker-52: Download sources and javadoc] INFO  o.e.m.j.internal.DownloadSourcesJob - Downloaded sources for org.seleniumhq.selenium:selenium-http:4.8.0
2023-03-02 19:29:11,308 [Worker-52: Download sources and javadoc] INFO  o.e.m.c.i.e.AbstractTransferListenerAdapter - Downloading https://repo.maven.apache.org/maven2/org/seleniumhq/selenium/selenium-manager/4.8.0/selenium-manager-4.8.0-sources.jar
2023-03-02 19:29:11,361 [Worker-52: Download sources and javadoc] INFO  o.e.m.c.i.e.AbstractTransferListenerAdapter - Downloaded https://repo.maven.apache.org/maven2/org/seleniumhq/selenium/selenium-manager/4.8.0/selenium-manager-4.8.0-sources.jar
2023-03-02 19:29:11,364 [Worker-52: Download sources and javadoc] INFO  o.e.m.j.internal.DownloadSourcesJob - Downloaded sources for org.seleniumhq.selenium:selenium-manager:4.8.0
2023-03-02 19:29:11,518 [Worker-51: Building] INFO  o.e.m.c.i.embedder.EclipseLogger - Using 'UTF-8' encoding to copy filtered resources.
2023-03-02 19:29:11,519 [Worker-51: Building] INFO  o.e.m.c.i.embedder.EclipseLogger - skip non existing resourceDirectory /Users/princearthur/eclipse-workspace/learningJava/learningJava/selenium2nd/Selenium/Tutorial_a_selenium_project/src/main/resources
2023-03-02 19:29:11,520 [Worker-51: Building] INFO  o.e.m.c.i.embedder.EclipseLogger - Using 'UTF-8' encoding to copy filtered resources.
2023-03-02 19:29:11,520 [Worker-51: Building] INFO  o.e.m.c.i.embedder.EclipseLogger - skip non existing resourceDirectory /Users/princearthur/eclipse-workspace/learningJava/learningJava/selenium2nd/Selenium/Tutorial_a_selenium_project/src/test/resources
2023-03-02 19:29:33,406 [Worker-48: Launching Tutorial_a_selenium_project] INFO  o.e.m.i.launch.MavenLaunchDelegate - Run build in "/Users/princearthur/eclipse-workspace/learningJava/learningJava/selenium2nd/Selenium/Tutorial_a_selenium_project":
2023-03-02 19:29:33,407 [Worker-48: Launching Tutorial_a_selenium_project] INFO  o.e.m.i.launch.MavenLaunchDelegate -  mvn  -B -Dstyle.color=always 
2023-03-04 03:04:01,701 [Worker-8: Loading available Gradle versions] INFO  o.e.b.c.i.u.g.PublishedGradleVersions - Gradle version information cache is out-of-date. Trying to update.
2023-03-04 03:16:31,170 [Worker-25: Building] INFO  o.e.m.c.i.embedder.EclipseLogger - Using 'UTF-8' encoding to copy filtered resources.
2023-03-04 03:16:31,174 [Worker-25: Building] INFO  o.e.m.c.i.embedder.EclipseLogger - skip non existing resourceDirectory /Users/princearthur/eclipse-workspace/learningJava/learningJava/selenium2nd/Selenium/Tutorial_a_selenium_project/src/main/resources
2023-03-04 03:16:31,177 [Worker-25: Building] INFO  o.e.m.c.i.embedder.EclipseLogger - Using 'UTF-8' encoding to copy filtered resources.
2023-03-04 03:16:31,177 [Worker-25: Building] INFO  o.e.m.c.i.embedder.EclipseLogger - skip non existing resourceDirectory /Users/princearthur/eclipse-workspace/learningJava/learningJava/selenium2nd/Selenium/Tutorial_a_selenium_project/src/test/resources
2023-03-07 17:46:33,938 [Worker-7: Loading available Gradle versions] INFO  o.e.b.c.i.u.g.PublishedGradleVersions - Gradle version information cache is out-of-date. Trying to update.
